[3.551s] DEBUG:colcon:Command line arguments: ['/usr/bin/colcon', 'build']
[3.551s] DEBUG:colcon:Parsed command line arguments: Namespace(log_base=None, log_level=None, verb_name='build', build_base='build', install_base='install', merge_install=False, symlink_install=False, test_result_base=None, continue_on_error=False, executor='parallel', parallel_workers=16, event_handlers=None, ignore_user_meta=False, metas=['./colcon.meta'], base_paths=['.'], packages_ignore=None, packages_ignore_regex=None, paths=None, packages_up_to=None, packages_up_to_regex=None, packages_above=None, packages_above_and_dependencies=None, packages_above_depth=None, packages_select_by_dep=None, packages_skip_by_dep=None, packages_skip_up_to=None, packages_select_build_failed=False, packages_skip_build_finished=False, packages_select_test_failures=False, packages_skip_test_passed=False, packages_select=None, packages_skip=None, packages_select_regex=None, packages_skip_regex=None, packages_start=None, packages_end=None, allow_overriding=[], cmake_args=None, cmake_target=None, cmake_target_skip_unavailable=False, cmake_clean_cache=False, cmake_clean_first=False, cmake_force_configure=False, ament_cmake_args=None, catkin_cmake_args=None, catkin_skip_building_tests=False, verb_parser=<colcon_defaults.argument_parser.defaults.DefaultArgumentsDecorator object at 0x7f90987d40a0>, verb_extension=<colcon_core.verb.build.BuildVerb object at 0x7f90987d6ad0>, main=<bound method BuildVerb.main of <colcon_core.verb.build.BuildVerb object at 0x7f90987d6ad0>>)
[3.680s] Level 1:colcon.colcon_core.package_discovery:discover_packages(colcon_meta) check parameters
[3.681s] Level 1:colcon.colcon_core.package_discovery:discover_packages(recursive) check parameters
[3.682s] Level 1:colcon.colcon_core.package_discovery:discover_packages(ignore) check parameters
[3.682s] Level 1:colcon.colcon_core.package_discovery:discover_packages(path) check parameters
[3.682s] Level 1:colcon.colcon_core.package_discovery:discover_packages(colcon_meta) discover
[3.682s] Level 1:colcon.colcon_core.package_discovery:discover_packages(recursive) discover
[3.682s] INFO:colcon.colcon_core.package_discovery:Crawling recursively for packages in '/home/madnad/practice/mobile_robots_programming/src/assignment_1'
[3.683s] Level 1:colcon.colcon_core.package_identification:_identify(.) by extensions ['ignore', 'ignore_ament_install']
[3.683s] Level 1:colcon.colcon_core.package_identification:_identify(.) by extension 'ignore'
[3.683s] Level 1:colcon.colcon_core.package_identification:_identify(.) by extension 'ignore_ament_install'
[3.683s] Level 1:colcon.colcon_core.package_identification:_identify(.) by extensions ['colcon_pkg']
[3.683s] Level 1:colcon.colcon_core.package_identification:_identify(.) by extension 'colcon_pkg'
[3.683s] Level 1:colcon.colcon_core.package_identification:_identify(.) by extensions ['colcon_meta']
[3.684s] Level 1:colcon.colcon_core.package_identification:_identify(.) by extension 'colcon_meta'
[3.684s] Level 1:colcon.colcon_core.package_identification:_identify(.) by extensions ['ros']
[3.684s] Level 1:colcon.colcon_core.package_identification:_identify(.) by extension 'ros'
[3.719s] DEBUG:colcon.colcon_core.package_identification:Package '.' with type 'ros.ament_cmake' and name 'assignment_1'
[3.719s] Level 1:colcon.colcon_core.package_discovery:discover_packages(recursive) using defaults
[3.720s] Level 1:colcon.colcon_core.package_discovery:discover_packages(ignore) discover
[3.720s] Level 1:colcon.colcon_core.package_discovery:discover_packages(ignore) using defaults
[3.720s] Level 1:colcon.colcon_core.package_discovery:discover_packages(path) discover
[3.720s] Level 1:colcon.colcon_core.package_discovery:discover_packages(path) using defaults
[3.919s] Level 1:colcon.colcon_core.package_discovery:discover_packages(prefix_path) check parameters
[3.919s] Level 1:colcon.colcon_core.package_discovery:discover_packages(prefix_path) discover
[3.987s] DEBUG:colcon.colcon_installed_package_information.package_discovery:Found 1 installed packages in /home/madnad/practice/mobile_robots_programming/src/assignment_1/install
[4.039s] DEBUG:colcon.colcon_installed_package_information.package_discovery:Found 353 installed packages in /opt/ros/humble
[4.045s] Level 1:colcon.colcon_core.package_discovery:discover_packages(prefix_path) using defaults
[4.312s] Level 5:colcon.colcon_core.verb:set package 'assignment_1' build argument 'cmake_args' from command line to 'None'
[4.313s] Level 5:colcon.colcon_core.verb:set package 'assignment_1' build argument 'cmake_target' from command line to 'None'
[4.313s] Level 5:colcon.colcon_core.verb:set package 'assignment_1' build argument 'cmake_target_skip_unavailable' from command line to 'False'
[4.313s] Level 5:colcon.colcon_core.verb:set package 'assignment_1' build argument 'cmake_clean_cache' from command line to 'False'
[4.313s] Level 5:colcon.colcon_core.verb:set package 'assignment_1' build argument 'cmake_clean_first' from command line to 'False'
[4.313s] Level 5:colcon.colcon_core.verb:set package 'assignment_1' build argument 'cmake_force_configure' from command line to 'False'
[4.313s] Level 5:colcon.colcon_core.verb:set package 'assignment_1' build argument 'ament_cmake_args' from command line to 'None'
[4.313s] Level 5:colcon.colcon_core.verb:set package 'assignment_1' build argument 'catkin_cmake_args' from command line to 'None'
[4.313s] Level 5:colcon.colcon_core.verb:set package 'assignment_1' build argument 'catkin_skip_building_tests' from command line to 'False'
[4.313s] DEBUG:colcon.colcon_core.verb:Building package 'assignment_1' with the following arguments: {'ament_cmake_args': None, 'build_base': '/home/madnad/practice/mobile_robots_programming/src/assignment_1/build/assignment_1', 'catkin_cmake_args': None, 'catkin_skip_building_tests': False, 'cmake_args': None, 'cmake_clean_cache': False, 'cmake_clean_first': False, 'cmake_force_configure': False, 'cmake_target': None, 'cmake_target_skip_unavailable': False, 'install_base': '/home/madnad/practice/mobile_robots_programming/src/assignment_1/install/assignment_1', 'merge_install': False, 'path': '/home/madnad/practice/mobile_robots_programming/src/assignment_1', 'symlink_install': False, 'test_result_base': None}
[4.353s] INFO:colcon.colcon_core.executor:Executing jobs using 'parallel' executor
[4.385s] DEBUG:colcon.colcon_parallel_executor.executor.parallel:run_until_complete
[4.386s] INFO:colcon.colcon_ros.task.ament_cmake.build:Building ROS package in '/home/madnad/practice/mobile_robots_programming/src/assignment_1' with build type 'ament_cmake'
[4.387s] INFO:colcon.colcon_cmake.task.cmake.build:Building CMake package in '/home/madnad/practice/mobile_robots_programming/src/assignment_1'
[4.421s] INFO:colcon.colcon_core.plugin_system:Skipping extension 'colcon_core.shell.bat': Not used on non-Windows systems
[4.421s] INFO:colcon.colcon_core.shell:Skip shell extension 'powershell' for command environment: Not usable outside of PowerShell
[4.422s] DEBUG:colcon.colcon_core.shell:Skip shell extension 'dsv' for command environment
[4.528s] DEBUG:colcon.colcon_core.event_handler.log_command:Invoking command in '/home/madnad/practice/mobile_robots_programming/src/assignment_1/build/assignment_1': CMAKE_PREFIX_PATH=${CMAKE_PREFIX_PATH}:/opt/ros/humble /usr/bin/cmake --build /home/madnad/practice/mobile_robots_programming/src/assignment_1/build/assignment_1 -- -j16 -l16
[13.111s] DEBUG:colcon.colcon_core.event_handler.log_command:Invoked command in '/home/madnad/practice/mobile_robots_programming/src/assignment_1/build/assignment_1' returned '0': CMAKE_PREFIX_PATH=${CMAKE_PREFIX_PATH}:/opt/ros/humble /usr/bin/cmake --build /home/madnad/practice/mobile_robots_programming/src/assignment_1/build/assignment_1 -- -j16 -l16
[13.174s] DEBUG:colcon.colcon_core.event_handler.log_command:Invoking command in '/home/madnad/practice/mobile_robots_programming/src/assignment_1/build/assignment_1': CMAKE_PREFIX_PATH=${CMAKE_PREFIX_PATH}:/opt/ros/humble /usr/bin/cmake --install /home/madnad/practice/mobile_robots_programming/src/assignment_1/build/assignment_1
[13.193s] Level 1:colcon.colcon_core.environment:create_environment_scripts_only(assignment_1)
[13.194s] DEBUG:colcon.colcon_core.event_handler.log_command:Invoked command in '/home/madnad/practice/mobile_robots_programming/src/assignment_1/build/assignment_1' returned '0': CMAKE_PREFIX_PATH=${CMAKE_PREFIX_PATH}:/opt/ros/humble /usr/bin/cmake --install /home/madnad/practice/mobile_robots_programming/src/assignment_1/build/assignment_1
[13.240s] Level 1:colcon.colcon_core.environment:checking '/home/madnad/practice/mobile_robots_programming/src/assignment_1/install/assignment_1' for CMake module files
[13.241s] Level 1:colcon.colcon_core.environment:checking '/home/madnad/practice/mobile_robots_programming/src/assignment_1/install/assignment_1' for CMake config files
[13.241s] Level 1:colcon.colcon_core.shell:create_environment_hook('assignment_1', 'cmake_prefix_path')
[13.271s] INFO:colcon.colcon_core.shell:Creating environment hook '/home/madnad/practice/mobile_robots_programming/src/assignment_1/install/assignment_1/share/assignment_1/hook/cmake_prefix_path.ps1'
[13.272s] INFO:colcon.colcon_core.shell:Creating environment descriptor '/home/madnad/practice/mobile_robots_programming/src/assignment_1/install/assignment_1/share/assignment_1/hook/cmake_prefix_path.dsv'
[13.273s] INFO:colcon.colcon_core.shell:Creating environment hook '/home/madnad/practice/mobile_robots_programming/src/assignment_1/install/assignment_1/share/assignment_1/hook/cmake_prefix_path.sh'
[13.275s] Level 1:colcon.colcon_core.environment:checking '/home/madnad/practice/mobile_robots_programming/src/assignment_1/install/assignment_1/lib'
[13.275s] Level 1:colcon.colcon_core.environment:checking '/home/madnad/practice/mobile_robots_programming/src/assignment_1/install/assignment_1/bin'
[13.276s] Level 1:colcon.colcon_core.environment:checking '/home/madnad/practice/mobile_robots_programming/src/assignment_1/install/assignment_1/lib/pkgconfig/assignment_1.pc'
[13.276s] Level 1:colcon.colcon_core.environment:checking '/home/madnad/practice/mobile_robots_programming/src/assignment_1/install/assignment_1/lib/python3.10/site-packages'
[13.277s] Level 1:colcon.colcon_core.environment:checking '/home/madnad/practice/mobile_robots_programming/src/assignment_1/install/assignment_1/bin'
[13.307s] INFO:colcon.colcon_core.shell:Creating package script '/home/madnad/practice/mobile_robots_programming/src/assignment_1/install/assignment_1/share/assignment_1/package.ps1'
[13.310s] INFO:colcon.colcon_core.shell:Creating package descriptor '/home/madnad/practice/mobile_robots_programming/src/assignment_1/install/assignment_1/share/assignment_1/package.dsv'
[13.311s] INFO:colcon.colcon_core.shell:Creating package script '/home/madnad/practice/mobile_robots_programming/src/assignment_1/install/assignment_1/share/assignment_1/package.sh'
[13.313s] INFO:colcon.colcon_core.shell:Creating package script '/home/madnad/practice/mobile_robots_programming/src/assignment_1/install/assignment_1/share/assignment_1/package.bash'
[13.314s] INFO:colcon.colcon_core.shell:Creating package script '/home/madnad/practice/mobile_robots_programming/src/assignment_1/install/assignment_1/share/assignment_1/package.zsh'
[13.315s] Level 1:colcon.colcon_core.environment:create_file_with_runtime_dependencies(/home/madnad/practice/mobile_robots_programming/src/assignment_1/install/assignment_1/share/colcon-core/packages/assignment_1)
[13.411s] Level 1:colcon.colcon_core.environment:create_environment_scripts_only(assignment_1)
[13.451s] Level 1:colcon.colcon_core.environment:checking '/home/madnad/practice/mobile_robots_programming/src/assignment_1/install/assignment_1' for CMake module files
[13.453s] Level 1:colcon.colcon_core.environment:checking '/home/madnad/practice/mobile_robots_programming/src/assignment_1/install/assignment_1' for CMake config files
[13.454s] Level 1:colcon.colcon_core.shell:create_environment_hook('assignment_1', 'cmake_prefix_path')
[13.492s] INFO:colcon.colcon_core.shell:Creating environment hook '/home/madnad/practice/mobile_robots_programming/src/assignment_1/install/assignment_1/share/assignment_1/hook/cmake_prefix_path.ps1'
[13.493s] INFO:colcon.colcon_core.shell:Creating environment descriptor '/home/madnad/practice/mobile_robots_programming/src/assignment_1/install/assignment_1/share/assignment_1/hook/cmake_prefix_path.dsv'
[13.494s] INFO:colcon.colcon_core.shell:Creating environment hook '/home/madnad/practice/mobile_robots_programming/src/assignment_1/install/assignment_1/share/assignment_1/hook/cmake_prefix_path.sh'
[13.495s] Level 1:colcon.colcon_core.environment:checking '/home/madnad/practice/mobile_robots_programming/src/assignment_1/install/assignment_1/lib'
[13.496s] Level 1:colcon.colcon_core.environment:checking '/home/madnad/practice/mobile_robots_programming/src/assignment_1/install/assignment_1/bin'
[13.496s] Level 1:colcon.colcon_core.environment:checking '/home/madnad/practice/mobile_robots_programming/src/assignment_1/install/assignment_1/lib/pkgconfig/assignment_1.pc'
[13.497s] Level 1:colcon.colcon_core.environment:checking '/home/madnad/practice/mobile_robots_programming/src/assignment_1/install/assignment_1/lib/python3.10/site-packages'
[13.498s] Level 1:colcon.colcon_core.environment:checking '/home/madnad/practice/mobile_robots_programming/src/assignment_1/install/assignment_1/bin'
[13.531s] INFO:colcon.colcon_core.shell:Creating package script '/home/madnad/practice/mobile_robots_programming/src/assignment_1/install/assignment_1/share/assignment_1/package.ps1'
[13.533s] INFO:colcon.colcon_core.shell:Creating package descriptor '/home/madnad/practice/mobile_robots_programming/src/assignment_1/install/assignment_1/share/assignment_1/package.dsv'
[13.534s] INFO:colcon.colcon_core.shell:Creating package script '/home/madnad/practice/mobile_robots_programming/src/assignment_1/install/assignment_1/share/assignment_1/package.sh'
[13.535s] INFO:colcon.colcon_core.shell:Creating package script '/home/madnad/practice/mobile_robots_programming/src/assignment_1/install/assignment_1/share/assignment_1/package.bash'
[13.536s] INFO:colcon.colcon_core.shell:Creating package script '/home/madnad/practice/mobile_robots_programming/src/assignment_1/install/assignment_1/share/assignment_1/package.zsh'
[13.537s] Level 1:colcon.colcon_core.environment:create_file_with_runtime_dependencies(/home/madnad/practice/mobile_robots_programming/src/assignment_1/install/assignment_1/share/colcon-core/packages/assignment_1)
[13.537s] DEBUG:colcon.colcon_parallel_executor.executor.parallel:closing loop
[13.539s] DEBUG:colcon.colcon_parallel_executor.executor.parallel:loop closed
[13.539s] DEBUG:colcon.colcon_parallel_executor.executor.parallel:run_until_complete finished with '0'
[13.540s] DEBUG:colcon.colcon_core.event_reactor:joining thread
[13.593s] INFO:colcon.colcon_core.plugin_system:Skipping extension 'colcon_notification.desktop_notification.terminal_notifier': Not used on non-Darwin systems
[13.593s] INFO:colcon.colcon_core.plugin_system:Skipping extension 'colcon_notification.desktop_notification.win32': Not used on non-Windows systems
[13.594s] INFO:colcon.colcon_notification.desktop_notification:Sending desktop notification using 'notify2'
[13.613s] DEBUG:colcon.colcon_core.event_reactor:joined thread
[13.657s] INFO:colcon.colcon_core.shell:Creating prefix script '/home/madnad/practice/mobile_robots_programming/src/assignment_1/install/local_setup.ps1'
[13.661s] INFO:colcon.colcon_core.shell:Creating prefix util module '/home/madnad/practice/mobile_robots_programming/src/assignment_1/install/_local_setup_util_ps1.py'
[13.664s] INFO:colcon.colcon_core.shell:Creating prefix chain script '/home/madnad/practice/mobile_robots_programming/src/assignment_1/install/setup.ps1'
[13.701s] INFO:colcon.colcon_core.shell:Creating prefix script '/home/madnad/practice/mobile_robots_programming/src/assignment_1/install/local_setup.sh'
[13.703s] INFO:colcon.colcon_core.shell:Creating prefix util module '/home/madnad/practice/mobile_robots_programming/src/assignment_1/install/_local_setup_util_sh.py'
[13.704s] INFO:colcon.colcon_core.shell:Creating prefix chain script '/home/madnad/practice/mobile_robots_programming/src/assignment_1/install/setup.sh'
[13.740s] INFO:colcon.colcon_core.shell:Creating prefix script '/home/madnad/practice/mobile_robots_programming/src/assignment_1/install/local_setup.bash'
[13.742s] INFO:colcon.colcon_core.shell:Creating prefix chain script '/home/madnad/practice/mobile_robots_programming/src/assignment_1/install/setup.bash'
[13.780s] INFO:colcon.colcon_core.shell:Creating prefix script '/home/madnad/practice/mobile_robots_programming/src/assignment_1/install/local_setup.zsh'
[13.782s] INFO:colcon.colcon_core.shell:Creating prefix chain script '/home/madnad/practice/mobile_robots_programming/src/assignment_1/install/setup.zsh'
