[0.078s] Invoking command in '/home/madnad/practice/mobile_robots_programming/src/assignment_1/build/assignment_1': CMAKE_PREFIX_PATH=${CMAKE_PREFIX_PATH}:/opt/ros/humble /usr/bin/cmake --build /home/madnad/practice/mobile_robots_programming/src/assignment_1/build/assignment_1 -- -j16 -l16
[0.140s] [ 66%] [32mBuilding CXX object CMakeFiles/control_node.dir/src/control_node_main.cpp.o[0m
[0.140s] [ 66%] [32mBuilding CXX object CMakeFiles/control_node.dir/src/control_node.cpp.o[0m
[3.416s] In file included from [01m[K/opt/ros/humble/include/rclcpp/rclcpp/logging.hpp:24[m[K,
[3.416s]                  from [01m[K/opt/ros/humble/include/rclcpp/rclcpp/client.hpp:40[m[K,
[3.416s]                  from [01m[K/opt/ros/humble/include/rclcpp/rclcpp/callback_group.hpp:24[m[K,
[3.416s]                  from [01m[K/opt/ros/humble/include/rclcpp/rclcpp/any_executable.hpp:20[m[K,
[3.416s]                  from [01m[K/opt/ros/humble/include/rclcpp/rclcpp/memory_strategy.hpp:25[m[K,
[3.417s]                  from [01m[K/opt/ros/humble/include/rclcpp/rclcpp/memory_strategies.hpp:18[m[K,
[3.417s]                  from [01m[K/opt/ros/humble/include/rclcpp/rclcpp/executor_options.hpp:20[m[K,
[3.417s]                  from [01m[K/opt/ros/humble/include/rclcpp/rclcpp/executor.hpp:37[m[K,
[3.417s]                  from [01m[K/opt/ros/humble/include/rclcpp/rclcpp/executors/multi_threaded_executor.hpp:25[m[K,
[3.417s]                  from [01m[K/opt/ros/humble/include/rclcpp/rclcpp/executors.hpp:21[m[K,
[3.418s]                  from [01m[K/opt/ros/humble/include/rclcpp/rclcpp/rclcpp.hpp:155[m[K,
[3.418s]                  from [01m[K/home/madnad/practice/mobile_robots_programming/src/assignment_1/src/control_node.hpp:9[m[K,
[3.418s]                  from [01m[K/home/madnad/practice/mobile_robots_programming/src/assignment_1/src/control_node.cpp:1[m[K:
[3.418s] [01m[K/home/madnad/practice/mobile_robots_programming/src/assignment_1/src/control_node.cpp:[m[K In member function ‘[01m[Kvoid TurtleBot3Controller::control_cycle()[m[K’:
[3.418s] [01m[K/home/madnad/practice/mobile_robots_programming/src/assignment_1/src/control_node.cpp:59:37:[m[K [01;35m[Kwarning: [m[Kformat ‘[01m[K%f[m[K’ expects a matching ‘[01m[Kdouble[m[K’ argument [[01;35m[K]8;;https://gcc.gnu.org/onlinedocs/gcc/Warning-Options.html#index-Wformat=-Wformat=]8;;[m[K]
[3.418s]    59 |     RCLCPP_INFO(this->get_logger(), [01;35m[K"{x y z yaw}: {%f %f %f %f}"[m[K, x, y, z);
[3.418s]       |                                     [01;35m[K^~~~~~~~~~~~~~~~~~~~~~~~~~~~[m[K
[3.418s] [01m[K/home/madnad/practice/mobile_robots_programming/src/assignment_1/src/control_node.cpp:59:62:[m[K [01;36m[Knote: [m[Kformat string is defined here
[3.419s]    59 |     RCLCPP_INFO(this->get_logger(), "{x y z yaw}: {%f %f %f [01;36m[K%f[m[K}", x, y, z);
[3.419s]       |                                                             [01;36m[K~^[m[K
[3.419s]       |                                                              [01;36m[K|[m[K
[3.419s]       |                                                              [01;36m[Kdouble[m[K
[3.419s] [01m[K/home/madnad/practice/mobile_robots_programming/src/assignment_1/src/control_node.cpp:57:12:[m[K [01;35m[Kwarning: [m[Kunused variable ‘[01m[Kyaw[m[K’ [[01;35m[K]8;;https://gcc.gnu.org/onlinedocs/gcc/Warning-Options.html#index-Wunused-variable-Wunused-variable]8;;[m[K]
[3.419s]    57 |     double [01;35m[Kyaw[m[K = odom2robot.transform.rotation.z;
[3.419s]       |            [01;35m[K^~~[m[K
[3.420s] [01m[K/home/madnad/practice/mobile_robots_programming/src/assignment_1/src/control_node.cpp:[m[K At global scope:
[3.420s] [01m[K/home/madnad/practice/mobile_robots_programming/src/assignment_1/src/control_node.cpp:62:6:[m[K [01;31m[Kerror: [m[Kno declaration matches ‘[01m[Kvoid TurtleBot3Controller::go_forward()[m[K’
[3.420s]    62 | void [01;31m[KTurtleBot3Controller[m[K::go_forward()
[3.420s]       |      [01;31m[K^~~~~~~~~~~~~~~~~~~~[m[K
[3.420s] [01m[K/home/madnad/practice/mobile_robots_programming/src/assignment_1/src/control_node.cpp:62:6:[m[K [01;36m[Knote: [m[Kno functions named ‘[01m[Kvoid TurtleBot3Controller::go_forward()[m[K’
[3.420s] In file included from [01m[K/home/madnad/practice/mobile_robots_programming/src/assignment_1/src/control_node.cpp:1[m[K:
[3.420s] [01m[K/home/madnad/practice/mobile_robots_programming/src/assignment_1/src/control_node.hpp:25:7:[m[K [01;36m[Knote: [m[K‘[01m[Kclass TurtleBot3Controller[m[K’ defined here
[3.421s]    25 | class [01;36m[KTurtleBot3Controller[m[K : public rclcpp::Node
[3.421s]       |       [01;36m[K^~~~~~~~~~~~~~~~~~~~[m[K
[3.421s] [01m[K/home/madnad/practice/mobile_robots_programming/src/assignment_1/src/control_node.cpp:72:6:[m[K [01;31m[Kerror: [m[Kno declaration matches ‘[01m[Kvoid TurtleBot3Controller::turn()[m[K’
[3.421s]    72 | void [01;31m[KTurtleBot3Controller[m[K::turn()
[3.421s]       |      [01;31m[K^~~~~~~~~~~~~~~~~~~~[m[K
[3.421s] [01m[K/home/madnad/practice/mobile_robots_programming/src/assignment_1/src/control_node.cpp:72:6:[m[K [01;36m[Knote: [m[Kno functions named ‘[01m[Kvoid TurtleBot3Controller::turn()[m[K’
[3.421s] In file included from [01m[K/home/madnad/practice/mobile_robots_programming/src/assignment_1/src/control_node.cpp:1[m[K:
[3.421s] [01m[K/home/madnad/practice/mobile_robots_programming/src/assignment_1/src/control_node.hpp:25:7:[m[K [01;36m[Knote: [m[K‘[01m[Kclass TurtleBot3Controller[m[K’ defined here
[3.422s]    25 | class [01;36m[KTurtleBot3Controller[m[K : public rclcpp::Node
[3.422s]       |       [01;36m[K^~~~~~~~~~~~~~~~~~~~[m[K
[3.422s] [01m[K/home/madnad/practice/mobile_robots_programming/src/assignment_1/src/control_node.cpp:101:6:[m[K [01;31m[Kerror: [m[Kno declaration matches ‘[01m[Kvoid TurtleBot3Controller::activate_timers()[m[K’
[3.422s]   101 | void [01;31m[KTurtleBot3Controller[m[K::activate_timers()
[3.422s]       |      [01;31m[K^~~~~~~~~~~~~~~~~~~~[m[K
[3.422s] [01m[K/home/madnad/practice/mobile_robots_programming/src/assignment_1/src/control_node.cpp:101:6:[m[K [01;36m[Knote: [m[Kno functions named ‘[01m[Kvoid TurtleBot3Controller::activate_timers()[m[K’
[3.422s] In file included from [01m[K/home/madnad/practice/mobile_robots_programming/src/assignment_1/src/control_node.cpp:1[m[K:
[3.423s] [01m[K/home/madnad/practice/mobile_robots_programming/src/assignment_1/src/control_node.hpp:25:7:[m[K [01;36m[Knote: [m[K‘[01m[Kclass TurtleBot3Controller[m[K’ defined here
[3.423s]    25 | class [01;36m[KTurtleBot3Controller[m[K : public rclcpp::Node
[3.423s]       |       [01;36m[K^~~~~~~~~~~~~~~~~~~~[m[K
[3.423s] [01m[K/home/madnad/practice/mobile_robots_programming/src/assignment_1/src/control_node.cpp:109:6:[m[K [01;31m[Kerror: [m[Kno declaration matches ‘[01m[Kvoid TurtleBot3Controller::reset_timers()[m[K’
[3.423s]   109 | void [01;31m[KTurtleBot3Controller[m[K::reset_timers()
[3.423s]       |      [01;31m[K^~~~~~~~~~~~~~~~~~~~[m[K
[3.423s] [01m[K/home/madnad/practice/mobile_robots_programming/src/assignment_1/src/control_node.cpp:109:6:[m[K [01;36m[Knote: [m[Kno functions named ‘[01m[Kvoid TurtleBot3Controller::reset_timers()[m[K’
[3.423s] In file included from [01m[K/home/madnad/practice/mobile_robots_programming/src/assignment_1/src/control_node.cpp:1[m[K:
[3.423s] [01m[K/home/madnad/practice/mobile_robots_programming/src/assignment_1/src/control_node.hpp:25:7:[m[K [01;36m[Knote: [m[K‘[01m[Kclass TurtleBot3Controller[m[K’ defined here
[3.424s]    25 | class [01;36m[KTurtleBot3Controller[m[K : public rclcpp::Node
[3.424s]       |       [01;36m[K^~~~~~~~~~~~~~~~~~~~[m[K
[3.460s] [01m[K/home/madnad/practice/mobile_robots_programming/src/assignment_1/src/control_node_main.cpp:[m[K In function ‘[01m[Kvoid open_loop_control(std::shared_ptr<TurtleBot3Controller>&)[m[K’:
[3.460s] [01m[K/home/madnad/practice/mobile_robots_programming/src/assignment_1/src/control_node_main.cpp:13:21:[m[K [01;31m[Kerror: [m[K‘[01m[Kusing element_type = class TurtleBot3Controller[m[K’ {aka ‘[01m[Kclass TurtleBot3Controller[m[K’} has no member named ‘[01m[Kgo_forward[m[K’
[3.460s]    13 |         controller->[01;31m[Kgo_forward[m[K();
[3.460s]       |                     [01;31m[K^~~~~~~~~~[m[K
[3.460s] [01m[K/home/madnad/practice/mobile_robots_programming/src/assignment_1/src/control_node_main.cpp:14:21:[m[K [01;31m[Kerror: [m[K‘[01m[Kusing element_type = class TurtleBot3Controller[m[K’ {aka ‘[01m[Kclass TurtleBot3Controller[m[K’} has no member named ‘[01m[Kturn[m[K’
[3.460s]    14 |         controller->[01;31m[Kturn[m[K();
[3.460s]       |                     [01;31m[K^~~~[m[K
[4.144s] gmake[2]: *** [CMakeFiles/control_node.dir/build.make:90: CMakeFiles/control_node.dir/src/control_node_main.cpp.o] Error 1
[4.144s] gmake[2]: *** Waiting for unfinished jobs....
[4.803s] gmake[2]: *** [CMakeFiles/control_node.dir/build.make:76: CMakeFiles/control_node.dir/src/control_node.cpp.o] Error 1
[4.803s] gmake[1]: *** [CMakeFiles/Makefile2:137: CMakeFiles/control_node.dir/all] Error 2
[4.803s] gmake: *** [Makefile:146: all] Error 2
[4.805s] Invoked command in '/home/madnad/practice/mobile_robots_programming/src/assignment_1/build/assignment_1' returned '2': CMAKE_PREFIX_PATH=${CMAKE_PREFIX_PATH}:/opt/ros/humble /usr/bin/cmake --build /home/madnad/practice/mobile_robots_programming/src/assignment_1/build/assignment_1 -- -j16 -l16
