[0.078s] Invoking command in '/home/madnad/practice/mobile_robots_programming/src/assignment_1/build/assignment_1': CMAKE_PREFIX_PATH=${CMAKE_PREFIX_PATH}:/opt/ros/humble /usr/bin/cmake --build /home/madnad/practice/mobile_robots_programming/src/assignment_1/build/assignment_1 -- -j16 -l16
[0.133s] [ 33%] [32mBuilding CXX object CMakeFiles/control_node.dir/src/control_node_main.cpp.o[0m
[4.135s] [ 66%] [32m[1mLinking CXX executable control_node[0m
[4.367s] [100%] Built target control_node
[4.374s] Invoked command in '/home/madnad/practice/mobile_robots_programming/src/assignment_1/build/assignment_1' returned '0': CMAKE_PREFIX_PATH=${CMAKE_PREFIX_PATH}:/opt/ros/humble /usr/bin/cmake --build /home/madnad/practice/mobile_robots_programming/src/assignment_1/build/assignment_1 -- -j16 -l16
[4.399s] Invoking command in '/home/madnad/practice/mobile_robots_programming/src/assignment_1/build/assignment_1': CMAKE_PREFIX_PATH=${CMAKE_PREFIX_PATH}:/opt/ros/humble /usr/bin/cmake --install /home/madnad/practice/mobile_robots_programming/src/assignment_1/build/assignment_1
[4.401s] -- Install configuration: ""
[4.401s] -- Installing: /home/madnad/practice/mobile_robots_programming/src/assignment_1/install/assignment_1/lib/assignment_1/control_node
[4.403s] -- Set runtime path of "/home/madnad/practice/mobile_robots_programming/src/assignment_1/install/assignment_1/lib/assignment_1/control_node" to ""
[4.403s] -- Up-to-date: /home/madnad/practice/mobile_robots_programming/src/assignment_1/install/assignment_1/share/ament_index/resource_index/package_run_dependencies/assignment_1
[4.404s] -- Up-to-date: /home/madnad/practice/mobile_robots_programming/src/assignment_1/install/assignment_1/share/ament_index/resource_index/parent_prefix_path/assignment_1
[4.404s] -- Up-to-date: /home/madnad/practice/mobile_robots_programming/src/assignment_1/install/assignment_1/share/assignment_1/environment/ament_prefix_path.sh
[4.404s] -- Up-to-date: /home/madnad/practice/mobile_robots_programming/src/assignment_1/install/assignment_1/share/assignment_1/environment/ament_prefix_path.dsv
[4.404s] -- Up-to-date: /home/madnad/practice/mobile_robots_programming/src/assignment_1/install/assignment_1/share/assignment_1/environment/path.sh
[4.404s] -- Up-to-date: /home/madnad/practice/mobile_robots_programming/src/assignment_1/install/assignment_1/share/assignment_1/environment/path.dsv
[4.404s] -- Up-to-date: /home/madnad/practice/mobile_robots_programming/src/assignment_1/install/assignment_1/share/assignment_1/local_setup.bash
[4.404s] -- Up-to-date: /home/madnad/practice/mobile_robots_programming/src/assignment_1/install/assignment_1/share/assignment_1/local_setup.sh
[4.404s] -- Up-to-date: /home/madnad/practice/mobile_robots_programming/src/assignment_1/install/assignment_1/share/assignment_1/local_setup.zsh
[4.404s] -- Up-to-date: /home/madnad/practice/mobile_robots_programming/src/assignment_1/install/assignment_1/share/assignment_1/local_setup.dsv
[4.404s] -- Installing: /home/madnad/practice/mobile_robots_programming/src/assignment_1/install/assignment_1/share/assignment_1/package.dsv
[4.404s] -- Up-to-date: /home/madnad/practice/mobile_robots_programming/src/assignment_1/install/assignment_1/share/ament_index/resource_index/packages/assignment_1
[4.404s] -- Up-to-date: /home/madnad/practice/mobile_robots_programming/src/assignment_1/install/assignment_1/share/assignment_1/cmake/assignment_1Config.cmake
[4.404s] -- Up-to-date: /home/madnad/practice/mobile_robots_programming/src/assignment_1/install/assignment_1/share/assignment_1/cmake/assignment_1Config-version.cmake
[4.405s] -- Up-to-date: /home/madnad/practice/mobile_robots_programming/src/assignment_1/install/assignment_1/share/assignment_1/package.xml
[4.406s] Invoked command in '/home/madnad/practice/mobile_robots_programming/src/assignment_1/build/assignment_1' returned '0': CMAKE_PREFIX_PATH=${CMAKE_PREFIX_PATH}:/opt/ros/humble /usr/bin/cmake --install /home/madnad/practice/mobile_robots_programming/src/assignment_1/build/assignment_1
