[0.188s] Invoking command in '/home/madnad/practice/mobile_robots_programming/src/assignment_1/build/assignment_1': CMAKE_PREFIX_PATH=${CMAKE_PREFIX_PATH}:/opt/ros/humble /usr/bin/cmake --build /home/madnad/practice/mobile_robots_programming/src/assignment_1/build/assignment_1 -- -j16 -l16
[0.328s] [ 33%] [32mBuilding CXX object CMakeFiles/control_node.dir/src/control_node.cpp.o[0m
[13.160s] [ 66%] [32m[1mLinking CXX executable control_node[0m
[13.801s] [100%] Built target control_node
[13.820s] Invoked command in '/home/madnad/practice/mobile_robots_programming/src/assignment_1/build/assignment_1' returned '0': CMAKE_PREFIX_PATH=${CMAKE_PREFIX_PATH}:/opt/ros/humble /usr/bin/cmake --build /home/madnad/practice/mobile_robots_programming/src/assignment_1/build/assignment_1 -- -j16 -l16
[13.894s] Invoking command in '/home/madnad/practice/mobile_robots_programming/src/assignment_1/build/assignment_1': CMAKE_PREFIX_PATH=${CMAKE_PREFIX_PATH}:/opt/ros/humble /usr/bin/cmake --install /home/madnad/practice/mobile_robots_programming/src/assignment_1/build/assignment_1
[13.901s] -- Install configuration: ""
[13.901s] -- Installing: /home/madnad/practice/mobile_robots_programming/src/assignment_1/install/assignment_1/lib/assignment_1/control_node
[13.907s] -- Set runtime path of "/home/madnad/practice/mobile_robots_programming/src/assignment_1/install/assignment_1/lib/assignment_1/control_node" to ""
[13.907s] -- Up-to-date: /home/madnad/practice/mobile_robots_programming/src/assignment_1/install/assignment_1/share/ament_index/resource_index/package_run_dependencies/assignment_1
[13.907s] -- Up-to-date: /home/madnad/practice/mobile_robots_programming/src/assignment_1/install/assignment_1/share/ament_index/resource_index/parent_prefix_path/assignment_1
[13.908s] -- Up-to-date: /home/madnad/practice/mobile_robots_programming/src/assignment_1/install/assignment_1/share/assignment_1/environment/ament_prefix_path.sh
[13.909s] -- Up-to-date: /home/madnad/practice/mobile_robots_programming/src/assignment_1/install/assignment_1/share/assignment_1/environment/ament_prefix_path.dsv
[13.909s] -- Up-to-date: /home/madnad/practice/mobile_robots_programming/src/assignment_1/install/assignment_1/share/assignment_1/environment/path.sh
[13.909s] -- Up-to-date: /home/madnad/practice/mobile_robots_programming/src/assignment_1/install/assignment_1/share/assignment_1/environment/path.dsv
[13.909s] -- Up-to-date: /home/madnad/practice/mobile_robots_programming/src/assignment_1/install/assignment_1/share/assignment_1/local_setup.bash
[13.909s] -- Up-to-date: /home/madnad/practice/mobile_robots_programming/src/assignment_1/install/assignment_1/share/assignment_1/local_setup.sh
[13.910s] -- Up-to-date: /home/madnad/practice/mobile_robots_programming/src/assignment_1/install/assignment_1/share/assignment_1/local_setup.zsh
[13.910s] -- Up-to-date: /home/madnad/practice/mobile_robots_programming/src/assignment_1/install/assignment_1/share/assignment_1/local_setup.dsv
[13.910s] -- Installing: /home/madnad/practice/mobile_robots_programming/src/assignment_1/install/assignment_1/share/assignment_1/package.dsv
[13.910s] -- Up-to-date: /home/madnad/practice/mobile_robots_programming/src/assignment_1/install/assignment_1/share/ament_index/resource_index/packages/assignment_1
[13.910s] -- Up-to-date: /home/madnad/practice/mobile_robots_programming/src/assignment_1/install/assignment_1/share/assignment_1/cmake/assignment_1Config.cmake
[13.911s] -- Up-to-date: /home/madnad/practice/mobile_robots_programming/src/assignment_1/install/assignment_1/share/assignment_1/cmake/assignment_1Config-version.cmake
[13.911s] -- Up-to-date: /home/madnad/practice/mobile_robots_programming/src/assignment_1/install/assignment_1/share/assignment_1/package.xml
[13.914s] Invoked command in '/home/madnad/practice/mobile_robots_programming/src/assignment_1/build/assignment_1' returned '0': CMAKE_PREFIX_PATH=${CMAKE_PREFIX_PATH}:/opt/ros/humble /usr/bin/cmake --install /home/madnad/practice/mobile_robots_programming/src/assignment_1/build/assignment_1
