[0.156s] Invoking command in '/home/madnad/practice/mobile_robots_programming/src/build/assignment_1': CMAKE_PREFIX_PATH=/opt/ros/humble /usr/bin/cmake /home/madnad/practice/mobile_robots_programming/src/assignment_1 -DCMAKE_INSTALL_PREFIX=/home/madnad/practice/mobile_robots_programming/src/install/assignment_1
[0.361s] -- The C compiler identification is GNU 11.4.0
[0.555s] -- The CXX compiler identification is GNU 11.4.0
[0.589s] -- Detecting C compiler ABI info
[0.756s] -- Detecting C compiler ABI info - done
[0.777s] -- Check for working C compiler: /usr/bin/cc - skipped
[0.784s] -- Detecting C compile features
[0.785s] -- Detecting C compile features - done
[0.796s] -- Detecting CXX compiler ABI info
[0.985s] -- Detecting CXX compiler ABI info - done
[1.005s] -- Check for working CXX compiler: /usr/bin/c++ - skipped
[1.006s] -- Detecting CXX compile features
[1.008s] -- Detecting CXX compile features - done
[1.024s] -- Found ament_cmake: 1.3.7 (/opt/ros/humble/share/ament_cmake/cmake)
[2.628s] -- Found Python3: /usr/bin/python3.10 (found version "3.10.12") found components: Interpreter 
[2.918s] -- Found ament_lint_auto: 0.12.10 (/opt/ros/humble/share/ament_lint_auto/cmake)
[3.175s] -- Added test 'lint_cmake' to check CMake code style
[3.197s] -- Added test 'xmllint' to check XML markup files
[3.202s] -- Configuring done
[3.209s] -- Generating done
[3.211s] -- Build files have been written to: /home/madnad/practice/mobile_robots_programming/src/build/assignment_1
[3.221s] Invoked command in '/home/madnad/practice/mobile_robots_programming/src/build/assignment_1' returned '0': CMAKE_PREFIX_PATH=/opt/ros/humble /usr/bin/cmake /home/madnad/practice/mobile_robots_programming/src/assignment_1 -DCMAKE_INSTALL_PREFIX=/home/madnad/practice/mobile_robots_programming/src/install/assignment_1
[3.229s] Invoking command in '/home/madnad/practice/mobile_robots_programming/src/build/assignment_1': CMAKE_PREFIX_PATH=/opt/ros/humble /usr/bin/cmake --build /home/madnad/practice/mobile_robots_programming/src/build/assignment_1 -- -j16 -l16
[3.277s] Invoked command in '/home/madnad/practice/mobile_robots_programming/src/build/assignment_1' returned '0': CMAKE_PREFIX_PATH=/opt/ros/humble /usr/bin/cmake --build /home/madnad/practice/mobile_robots_programming/src/build/assignment_1 -- -j16 -l16
[3.336s] Invoking command in '/home/madnad/practice/mobile_robots_programming/src/build/assignment_1': CMAKE_PREFIX_PATH=/opt/ros/humble /usr/bin/cmake --install /home/madnad/practice/mobile_robots_programming/src/build/assignment_1
[3.341s] -- Install configuration: ""
[3.342s] -- Installing: /home/madnad/practice/mobile_robots_programming/src/install/assignment_1/share/ament_index/resource_index/package_run_dependencies/assignment_1
[3.342s] -- Installing: /home/madnad/practice/mobile_robots_programming/src/install/assignment_1/share/ament_index/resource_index/parent_prefix_path/assignment_1
[3.343s] -- Installing: /home/madnad/practice/mobile_robots_programming/src/install/assignment_1/share/assignment_1/environment/ament_prefix_path.sh
[3.343s] -- Installing: /home/madnad/practice/mobile_robots_programming/src/install/assignment_1/share/assignment_1/environment/ament_prefix_path.dsv
[3.344s] -- Installing: /home/madnad/practice/mobile_robots_programming/src/install/assignment_1/share/assignment_1/environment/path.sh
[3.344s] -- Installing: /home/madnad/practice/mobile_robots_programming/src/install/assignment_1/share/assignment_1/environment/path.dsv
[3.345s] -- Installing: /home/madnad/practice/mobile_robots_programming/src/install/assignment_1/share/assignment_1/local_setup.bash
[3.345s] -- Installing: /home/madnad/practice/mobile_robots_programming/src/install/assignment_1/share/assignment_1/local_setup.sh
[3.345s] -- Installing: /home/madnad/practice/mobile_robots_programming/src/install/assignment_1/share/assignment_1/local_setup.zsh
[3.345s] -- Installing: /home/madnad/practice/mobile_robots_programming/src/install/assignment_1/share/assignment_1/local_setup.dsv
[3.345s] -- Installing: /home/madnad/practice/mobile_robots_programming/src/install/assignment_1/share/assignment_1/package.dsv
[3.347s] -- Installing: /home/madnad/practice/mobile_robots_programming/src/install/assignment_1/share/ament_index/resource_index/packages/assignment_1
[3.347s] -- Installing: /home/madnad/practice/mobile_robots_programming/src/install/assignment_1/share/assignment_1/cmake/assignment_1Config.cmake
[3.347s] -- Installing: /home/madnad/practice/mobile_robots_programming/src/install/assignment_1/share/assignment_1/cmake/assignment_1Config-version.cmake
[3.347s] -- Installing: /home/madnad/practice/mobile_robots_programming/src/install/assignment_1/share/assignment_1/package.xml
[3.352s] Invoked command in '/home/madnad/practice/mobile_robots_programming/src/build/assignment_1' returned '0': CMAKE_PREFIX_PATH=/opt/ros/humble /usr/bin/cmake --install /home/madnad/practice/mobile_robots_programming/src/build/assignment_1
