[0.048s] Invoking command in '/home/madnad/practice/mobile_robots_programming/src/assignment_1/build/assignment_1': CMAKE_PREFIX_PATH=${CMAKE_PREFIX_PATH}:/opt/ros/humble /usr/bin/cmake --build /home/madnad/practice/mobile_robots_programming/src/assignment_1/build/assignment_1 -- -j16 -l16
[0.084s] [ 66%] [32mBuilding CXX object CMakeFiles/control_node.dir/src/control_node_main.cpp.o[0m
[0.084s] [ 66%] [32mBuilding CXX object CMakeFiles/control_node.dir/src/control_node.cpp.o[0m
[6.428s] [100%] [32m[1mLinking CXX executable control_node[0m
[6.684s] [100%] Built target control_node
[6.690s] Invoked command in '/home/madnad/practice/mobile_robots_programming/src/assignment_1/build/assignment_1' returned '0': CMAKE_PREFIX_PATH=${CMAKE_PREFIX_PATH}:/opt/ros/humble /usr/bin/cmake --build /home/madnad/practice/mobile_robots_programming/src/assignment_1/build/assignment_1 -- -j16 -l16
[6.715s] Invoking command in '/home/madnad/practice/mobile_robots_programming/src/assignment_1/build/assignment_1': CMAKE_PREFIX_PATH=${CMAKE_PREFIX_PATH}:/opt/ros/humble /usr/bin/cmake --install /home/madnad/practice/mobile_robots_programming/src/assignment_1/build/assignment_1
[6.718s] -- Install configuration: ""
[6.718s] -- Installing: /home/madnad/practice/mobile_robots_programming/src/assignment_1/install/assignment_1/lib/assignment_1/control_node
[6.720s] -- Set runtime path of "/home/madnad/practice/mobile_robots_programming/src/assignment_1/install/assignment_1/lib/assignment_1/control_node" to ""
[6.721s] -- Up-to-date: /home/madnad/practice/mobile_robots_programming/src/assignment_1/install/assignment_1/share/ament_index/resource_index/package_run_dependencies/assignment_1
[6.721s] -- Up-to-date: /home/madnad/practice/mobile_robots_programming/src/assignment_1/install/assignment_1/share/ament_index/resource_index/parent_prefix_path/assignment_1
[6.721s] -- Up-to-date: /home/madnad/practice/mobile_robots_programming/src/assignment_1/install/assignment_1/share/assignment_1/environment/ament_prefix_path.sh
[6.721s] -- Up-to-date: /home/madnad/practice/mobile_robots_programming/src/assignment_1/install/assignment_1/share/assignment_1/environment/ament_prefix_path.dsv
[6.721s] -- Up-to-date: /home/madnad/practice/mobile_robots_programming/src/assignment_1/install/assignment_1/share/assignment_1/environment/path.sh
[6.721s] -- Up-to-date: /home/madnad/practice/mobile_robots_programming/src/assignment_1/install/assignment_1/share/assignment_1/environment/path.dsv
[6.721s] -- Up-to-date: /home/madnad/practice/mobile_robots_programming/src/assignment_1/install/assignment_1/share/assignment_1/local_setup.bash
[6.721s] -- Up-to-date: /home/madnad/practice/mobile_robots_programming/src/assignment_1/install/assignment_1/share/assignment_1/local_setup.sh
[6.722s] -- Up-to-date: /home/madnad/practice/mobile_robots_programming/src/assignment_1/install/assignment_1/share/assignment_1/local_setup.zsh
[6.722s] -- Up-to-date: /home/madnad/practice/mobile_robots_programming/src/assignment_1/install/assignment_1/share/assignment_1/local_setup.dsv
[6.722s] -- Installing: /home/madnad/practice/mobile_robots_programming/src/assignment_1/install/assignment_1/share/assignment_1/package.dsv
[6.722s] -- Up-to-date: /home/madnad/practice/mobile_robots_programming/src/assignment_1/install/assignment_1/share/ament_index/resource_index/packages/assignment_1
[6.722s] -- Up-to-date: /home/madnad/practice/mobile_robots_programming/src/assignment_1/install/assignment_1/share/assignment_1/cmake/assignment_1Config.cmake
[6.722s] -- Up-to-date: /home/madnad/practice/mobile_robots_programming/src/assignment_1/install/assignment_1/share/assignment_1/cmake/assignment_1Config-version.cmake
[6.722s] -- Up-to-date: /home/madnad/practice/mobile_robots_programming/src/assignment_1/install/assignment_1/share/assignment_1/package.xml
[6.725s] Invoked command in '/home/madnad/practice/mobile_robots_programming/src/assignment_1/build/assignment_1' returned '0': CMAKE_PREFIX_PATH=${CMAKE_PREFIX_PATH}:/opt/ros/humble /usr/bin/cmake --install /home/madnad/practice/mobile_robots_programming/src/assignment_1/build/assignment_1
