[1.672s] DEBUG:colcon:Command line arguments: ['/usr/bin/colcon', 'build']
[1.673s] DEBUG:colcon:Parsed command line arguments: Namespace(log_base=None, log_level=None, verb_name='build', build_base='build', install_base='install', merge_install=False, symlink_install=False, test_result_base=None, continue_on_error=False, executor='parallel', parallel_workers=16, event_handlers=None, ignore_user_meta=False, metas=['./colcon.meta'], base_paths=['.'], packages_ignore=None, packages_ignore_regex=None, paths=None, packages_up_to=None, packages_up_to_regex=None, packages_above=None, packages_above_and_dependencies=None, packages_above_depth=None, packages_select_by_dep=None, packages_skip_by_dep=None, packages_skip_up_to=None, packages_select_build_failed=False, packages_skip_build_finished=False, packages_select_test_failures=False, packages_skip_test_passed=False, packages_select=None, packages_skip=None, packages_select_regex=None, packages_skip_regex=None, packages_start=None, packages_end=None, allow_overriding=[], cmake_args=None, cmake_target=None, cmake_target_skip_unavailable=False, cmake_clean_cache=False, cmake_clean_first=False, cmake_force_configure=False, ament_cmake_args=None, catkin_cmake_args=None, catkin_skip_building_tests=False, verb_parser=<colcon_defaults.argument_parser.defaults.DefaultArgumentsDecorator object at 0x7f470c4823b0>, verb_extension=<colcon_core.verb.build.BuildVerb object at 0x7f470c482b30>, main=<bound method BuildVerb.main of <colcon_core.verb.build.BuildVerb object at 0x7f470c482b30>>)
[1.768s] Level 1:colcon.colcon_core.package_discovery:discover_packages(colcon_meta) check parameters
[1.768s] Level 1:colcon.colcon_core.package_discovery:discover_packages(recursive) check parameters
[1.768s] Level 1:colcon.colcon_core.package_discovery:discover_packages(ignore) check parameters
[1.768s] Level 1:colcon.colcon_core.package_discovery:discover_packages(path) check parameters
[1.768s] Level 1:colcon.colcon_core.package_discovery:discover_packages(colcon_meta) discover
[1.768s] Level 1:colcon.colcon_core.package_discovery:discover_packages(recursive) discover
[1.768s] INFO:colcon.colcon_core.package_discovery:Crawling recursively for packages in '/home/madnad/practice/mobile_robots_programming/src/assignment_1'
[1.769s] Level 1:colcon.colcon_core.package_identification:_identify(.) by extensions ['ignore', 'ignore_ament_install']
[1.769s] Level 1:colcon.colcon_core.package_identification:_identify(.) by extension 'ignore'
[1.769s] Level 1:colcon.colcon_core.package_identification:_identify(.) by extension 'ignore_ament_install'
[1.769s] Level 1:colcon.colcon_core.package_identification:_identify(.) by extensions ['colcon_pkg']
[1.769s] Level 1:colcon.colcon_core.package_identification:_identify(.) by extension 'colcon_pkg'
[1.769s] Level 1:colcon.colcon_core.package_identification:_identify(.) by extensions ['colcon_meta']
[1.769s] Level 1:colcon.colcon_core.package_identification:_identify(.) by extension 'colcon_meta'
[1.769s] Level 1:colcon.colcon_core.package_identification:_identify(.) by extensions ['ros']
[1.769s] Level 1:colcon.colcon_core.package_identification:_identify(.) by extension 'ros'
[1.800s] DEBUG:colcon.colcon_core.package_identification:Package '.' with type 'ros.ament_cmake' and name 'assignment_1'
[1.800s] Level 1:colcon.colcon_core.package_discovery:discover_packages(recursive) using defaults
[1.801s] Level 1:colcon.colcon_core.package_discovery:discover_packages(ignore) discover
[1.801s] Level 1:colcon.colcon_core.package_discovery:discover_packages(ignore) using defaults
[1.801s] Level 1:colcon.colcon_core.package_discovery:discover_packages(path) discover
[1.801s] Level 1:colcon.colcon_core.package_discovery:discover_packages(path) using defaults
[1.984s] Level 1:colcon.colcon_core.package_discovery:discover_packages(prefix_path) check parameters
[1.984s] Level 1:colcon.colcon_core.package_discovery:discover_packages(prefix_path) discover
[2.038s] DEBUG:colcon.colcon_installed_package_information.package_discovery:Found 1 installed packages in /home/madnad/practice/mobile_robots_programming/src/assignment_1/install
[2.067s] DEBUG:colcon.colcon_installed_package_information.package_discovery:Found 353 installed packages in /opt/ros/humble
[2.070s] Level 1:colcon.colcon_core.package_discovery:discover_packages(prefix_path) using defaults
[2.287s] Level 5:colcon.colcon_core.verb:set package 'assignment_1' build argument 'cmake_args' from command line to 'None'
[2.287s] Level 5:colcon.colcon_core.verb:set package 'assignment_1' build argument 'cmake_target' from command line to 'None'
[2.287s] Level 5:colcon.colcon_core.verb:set package 'assignment_1' build argument 'cmake_target_skip_unavailable' from command line to 'False'
[2.287s] Level 5:colcon.colcon_core.verb:set package 'assignment_1' build argument 'cmake_clean_cache' from command line to 'False'
[2.287s] Level 5:colcon.colcon_core.verb:set package 'assignment_1' build argument 'cmake_clean_first' from command line to 'False'
[2.287s] Level 5:colcon.colcon_core.verb:set package 'assignment_1' build argument 'cmake_force_configure' from command line to 'False'
[2.287s] Level 5:colcon.colcon_core.verb:set package 'assignment_1' build argument 'ament_cmake_args' from command line to 'None'
[2.287s] Level 5:colcon.colcon_core.verb:set package 'assignment_1' build argument 'catkin_cmake_args' from command line to 'None'
[2.287s] Level 5:colcon.colcon_core.verb:set package 'assignment_1' build argument 'catkin_skip_building_tests' from command line to 'False'
[2.287s] DEBUG:colcon.colcon_core.verb:Building package 'assignment_1' with the following arguments: {'ament_cmake_args': None, 'build_base': '/home/madnad/practice/mobile_robots_programming/src/assignment_1/build/assignment_1', 'catkin_cmake_args': None, 'catkin_skip_building_tests': False, 'cmake_args': None, 'cmake_clean_cache': False, 'cmake_clean_first': False, 'cmake_force_configure': False, 'cmake_target': None, 'cmake_target_skip_unavailable': False, 'install_base': '/home/madnad/practice/mobile_robots_programming/src/assignment_1/install/assignment_1', 'merge_install': False, 'path': '/home/madnad/practice/mobile_robots_programming/src/assignment_1', 'symlink_install': False, 'test_result_base': None}
[2.311s] INFO:colcon.colcon_core.executor:Executing jobs using 'parallel' executor
[2.338s] DEBUG:colcon.colcon_parallel_executor.executor.parallel:run_until_complete
[2.339s] INFO:colcon.colcon_ros.task.ament_cmake.build:Building ROS package in '/home/madnad/practice/mobile_robots_programming/src/assignment_1' with build type 'ament_cmake'
[2.339s] INFO:colcon.colcon_cmake.task.cmake.build:Building CMake package in '/home/madnad/practice/mobile_robots_programming/src/assignment_1'
[2.390s] INFO:colcon.colcon_core.plugin_system:Skipping extension 'colcon_core.shell.bat': Not used on non-Windows systems
[2.391s] INFO:colcon.colcon_core.shell:Skip shell extension 'powershell' for command environment: Not usable outside of PowerShell
[2.391s] DEBUG:colcon.colcon_core.shell:Skip shell extension 'dsv' for command environment
[2.510s] DEBUG:colcon.colcon_core.event_handler.log_command:Invoking command in '/home/madnad/practice/mobile_robots_programming/src/assignment_1/build/assignment_1': CMAKE_PREFIX_PATH=${CMAKE_PREFIX_PATH}:/opt/ros/humble /usr/bin/cmake --build /home/madnad/practice/mobile_robots_programming/src/assignment_1/build/assignment_1 -- -j16 -l16
[10.225s] DEBUG:colcon.colcon_core.event_handler.log_command:Invoked command in '/home/madnad/practice/mobile_robots_programming/src/assignment_1/build/assignment_1' returned '0': CMAKE_PREFIX_PATH=${CMAKE_PREFIX_PATH}:/opt/ros/humble /usr/bin/cmake --build /home/madnad/practice/mobile_robots_programming/src/assignment_1/build/assignment_1 -- -j16 -l16
[10.250s] DEBUG:colcon.colcon_core.event_handler.log_command:Invoking command in '/home/madnad/practice/mobile_robots_programming/src/assignment_1/build/assignment_1': CMAKE_PREFIX_PATH=${CMAKE_PREFIX_PATH}:/opt/ros/humble /usr/bin/cmake --install /home/madnad/practice/mobile_robots_programming/src/assignment_1/build/assignment_1
[10.256s] Level 1:colcon.colcon_core.environment:create_environment_scripts_only(assignment_1)
[10.256s] DEBUG:colcon.colcon_core.event_handler.log_command:Invoked command in '/home/madnad/practice/mobile_robots_programming/src/assignment_1/build/assignment_1' returned '0': CMAKE_PREFIX_PATH=${CMAKE_PREFIX_PATH}:/opt/ros/humble /usr/bin/cmake --install /home/madnad/practice/mobile_robots_programming/src/assignment_1/build/assignment_1
[10.272s] Level 1:colcon.colcon_core.environment:checking '/home/madnad/practice/mobile_robots_programming/src/assignment_1/install/assignment_1' for CMake module files
[10.273s] Level 1:colcon.colcon_core.environment:checking '/home/madnad/practice/mobile_robots_programming/src/assignment_1/install/assignment_1' for CMake config files
[10.273s] Level 1:colcon.colcon_core.shell:create_environment_hook('assignment_1', 'cmake_prefix_path')
[10.287s] INFO:colcon.colcon_core.shell:Creating environment hook '/home/madnad/practice/mobile_robots_programming/src/assignment_1/install/assignment_1/share/assignment_1/hook/cmake_prefix_path.ps1'
[10.287s] INFO:colcon.colcon_core.shell:Creating environment descriptor '/home/madnad/practice/mobile_robots_programming/src/assignment_1/install/assignment_1/share/assignment_1/hook/cmake_prefix_path.dsv'
[10.288s] INFO:colcon.colcon_core.shell:Creating environment hook '/home/madnad/practice/mobile_robots_programming/src/assignment_1/install/assignment_1/share/assignment_1/hook/cmake_prefix_path.sh'
[10.289s] Level 1:colcon.colcon_core.environment:checking '/home/madnad/practice/mobile_robots_programming/src/assignment_1/install/assignment_1/lib'
[10.289s] Level 1:colcon.colcon_core.environment:checking '/home/madnad/practice/mobile_robots_programming/src/assignment_1/install/assignment_1/bin'
[10.289s] Level 1:colcon.colcon_core.environment:checking '/home/madnad/practice/mobile_robots_programming/src/assignment_1/install/assignment_1/lib/pkgconfig/assignment_1.pc'
[10.289s] Level 1:colcon.colcon_core.environment:checking '/home/madnad/practice/mobile_robots_programming/src/assignment_1/install/assignment_1/lib/python3.10/site-packages'
[10.289s] Level 1:colcon.colcon_core.environment:checking '/home/madnad/practice/mobile_robots_programming/src/assignment_1/install/assignment_1/bin'
[10.303s] INFO:colcon.colcon_core.shell:Creating package script '/home/madnad/practice/mobile_robots_programming/src/assignment_1/install/assignment_1/share/assignment_1/package.ps1'
[10.304s] INFO:colcon.colcon_core.shell:Creating package descriptor '/home/madnad/practice/mobile_robots_programming/src/assignment_1/install/assignment_1/share/assignment_1/package.dsv'
[10.305s] INFO:colcon.colcon_core.shell:Creating package script '/home/madnad/practice/mobile_robots_programming/src/assignment_1/install/assignment_1/share/assignment_1/package.sh'
[10.305s] INFO:colcon.colcon_core.shell:Creating package script '/home/madnad/practice/mobile_robots_programming/src/assignment_1/install/assignment_1/share/assignment_1/package.bash'
[10.306s] INFO:colcon.colcon_core.shell:Creating package script '/home/madnad/practice/mobile_robots_programming/src/assignment_1/install/assignment_1/share/assignment_1/package.zsh'
[10.307s] Level 1:colcon.colcon_core.environment:create_file_with_runtime_dependencies(/home/madnad/practice/mobile_robots_programming/src/assignment_1/install/assignment_1/share/colcon-core/packages/assignment_1)
[10.342s] Level 1:colcon.colcon_core.environment:create_environment_scripts_only(assignment_1)
[10.355s] Level 1:colcon.colcon_core.environment:checking '/home/madnad/practice/mobile_robots_programming/src/assignment_1/install/assignment_1' for CMake module files
[10.355s] Level 1:colcon.colcon_core.environment:checking '/home/madnad/practice/mobile_robots_programming/src/assignment_1/install/assignment_1' for CMake config files
[10.356s] Level 1:colcon.colcon_core.shell:create_environment_hook('assignment_1', 'cmake_prefix_path')
[10.370s] INFO:colcon.colcon_core.shell:Creating environment hook '/home/madnad/practice/mobile_robots_programming/src/assignment_1/install/assignment_1/share/assignment_1/hook/cmake_prefix_path.ps1'
[10.370s] INFO:colcon.colcon_core.shell:Creating environment descriptor '/home/madnad/practice/mobile_robots_programming/src/assignment_1/install/assignment_1/share/assignment_1/hook/cmake_prefix_path.dsv'
[10.371s] INFO:colcon.colcon_core.shell:Creating environment hook '/home/madnad/practice/mobile_robots_programming/src/assignment_1/install/assignment_1/share/assignment_1/hook/cmake_prefix_path.sh'
[10.371s] Level 1:colcon.colcon_core.environment:checking '/home/madnad/practice/mobile_robots_programming/src/assignment_1/install/assignment_1/lib'
[10.371s] Level 1:colcon.colcon_core.environment:checking '/home/madnad/practice/mobile_robots_programming/src/assignment_1/install/assignment_1/bin'
[10.371s] Level 1:colcon.colcon_core.environment:checking '/home/madnad/practice/mobile_robots_programming/src/assignment_1/install/assignment_1/lib/pkgconfig/assignment_1.pc'
[10.372s] Level 1:colcon.colcon_core.environment:checking '/home/madnad/practice/mobile_robots_programming/src/assignment_1/install/assignment_1/lib/python3.10/site-packages'
[10.372s] Level 1:colcon.colcon_core.environment:checking '/home/madnad/practice/mobile_robots_programming/src/assignment_1/install/assignment_1/bin'
[10.386s] INFO:colcon.colcon_core.shell:Creating package script '/home/madnad/practice/mobile_robots_programming/src/assignment_1/install/assignment_1/share/assignment_1/package.ps1'
[10.387s] INFO:colcon.colcon_core.shell:Creating package descriptor '/home/madnad/practice/mobile_robots_programming/src/assignment_1/install/assignment_1/share/assignment_1/package.dsv'
[10.388s] INFO:colcon.colcon_core.shell:Creating package script '/home/madnad/practice/mobile_robots_programming/src/assignment_1/install/assignment_1/share/assignment_1/package.sh'
[10.388s] INFO:colcon.colcon_core.shell:Creating package script '/home/madnad/practice/mobile_robots_programming/src/assignment_1/install/assignment_1/share/assignment_1/package.bash'
[10.388s] INFO:colcon.colcon_core.shell:Creating package script '/home/madnad/practice/mobile_robots_programming/src/assignment_1/install/assignment_1/share/assignment_1/package.zsh'
[10.389s] Level 1:colcon.colcon_core.environment:create_file_with_runtime_dependencies(/home/madnad/practice/mobile_robots_programming/src/assignment_1/install/assignment_1/share/colcon-core/packages/assignment_1)
[10.389s] DEBUG:colcon.colcon_parallel_executor.executor.parallel:closing loop
[10.389s] DEBUG:colcon.colcon_parallel_executor.executor.parallel:loop closed
[10.389s] DEBUG:colcon.colcon_parallel_executor.executor.parallel:run_until_complete finished with '0'
[10.389s] DEBUG:colcon.colcon_core.event_reactor:joining thread
[10.410s] INFO:colcon.colcon_core.plugin_system:Skipping extension 'colcon_notification.desktop_notification.terminal_notifier': Not used on non-Darwin systems
[10.410s] INFO:colcon.colcon_core.plugin_system:Skipping extension 'colcon_notification.desktop_notification.win32': Not used on non-Windows systems
[10.410s] INFO:colcon.colcon_notification.desktop_notification:Sending desktop notification using 'notify2'
[10.423s] DEBUG:colcon.colcon_core.event_reactor:joined thread
[10.438s] INFO:colcon.colcon_core.shell:Creating prefix script '/home/madnad/practice/mobile_robots_programming/src/assignment_1/install/local_setup.ps1'
[10.439s] INFO:colcon.colcon_core.shell:Creating prefix util module '/home/madnad/practice/mobile_robots_programming/src/assignment_1/install/_local_setup_util_ps1.py'
[10.440s] INFO:colcon.colcon_core.shell:Creating prefix chain script '/home/madnad/practice/mobile_robots_programming/src/assignment_1/install/setup.ps1'
[10.455s] INFO:colcon.colcon_core.shell:Creating prefix script '/home/madnad/practice/mobile_robots_programming/src/assignment_1/install/local_setup.sh'
[10.456s] INFO:colcon.colcon_core.shell:Creating prefix util module '/home/madnad/practice/mobile_robots_programming/src/assignment_1/install/_local_setup_util_sh.py'
[10.456s] INFO:colcon.colcon_core.shell:Creating prefix chain script '/home/madnad/practice/mobile_robots_programming/src/assignment_1/install/setup.sh'
[10.472s] INFO:colcon.colcon_core.shell:Creating prefix script '/home/madnad/practice/mobile_robots_programming/src/assignment_1/install/local_setup.bash'
[10.472s] INFO:colcon.colcon_core.shell:Creating prefix chain script '/home/madnad/practice/mobile_robots_programming/src/assignment_1/install/setup.bash'
[10.488s] INFO:colcon.colcon_core.shell:Creating prefix script '/home/madnad/practice/mobile_robots_programming/src/assignment_1/install/local_setup.zsh'
[10.489s] INFO:colcon.colcon_core.shell:Creating prefix chain script '/home/madnad/practice/mobile_robots_programming/src/assignment_1/install/setup.zsh'
