[0.102s] Invoking command in '/home/madnad/practice/mobile_robots_programming/src/assignment_1/build/assignment_1': CMAKE_PREFIX_PATH=/opt/ros/humble /usr/bin/cmake --build /home/madnad/practice/mobile_robots_programming/src/assignment_1/build/assignment_1 -- -j16 -l16
[0.231s] [ 33%] [32mBuilding CXX object CMakeFiles/control_node.dir/src/control_node.cpp.o[0m
[6.041s] [01m[K/home/madnad/practice/mobile_robots_programming/src/assignment_1/src/control_node.cpp:[m[K In member function ‘[01m[Kvoid TurtleBot3Controller::control_cycle()[m[K’:
[6.041s] [01m[K/home/madnad/practice/mobile_robots_programming/src/assignment_1/src/control_node.cpp:75:12:[m[K [01;35m[Kwarning: [m[Kunused variable ‘[01m[Ky_init[m[K’ [[01;35m[K]8;;https://gcc.gnu.org/onlinedocs/gcc/Warning-Options.html#index-Wunused-variable-Wunused-variable]8;;[m[K]
[6.042s]    75 |     double [01;35m[Ky_init[m[K = y;
[6.042s]       |            [01;35m[K^~~~~~[m[K
[11.391s] [ 66%] [32m[1mLinking CXX executable control_node[0m
[12.030s] [100%] Built target control_node
[12.046s] Invoked command in '/home/madnad/practice/mobile_robots_programming/src/assignment_1/build/assignment_1' returned '0': CMAKE_PREFIX_PATH=/opt/ros/humble /usr/bin/cmake --build /home/madnad/practice/mobile_robots_programming/src/assignment_1/build/assignment_1 -- -j16 -l16
[12.122s] Invoking command in '/home/madnad/practice/mobile_robots_programming/src/assignment_1/build/assignment_1': CMAKE_PREFIX_PATH=/opt/ros/humble /usr/bin/cmake --install /home/madnad/practice/mobile_robots_programming/src/assignment_1/build/assignment_1
[12.133s] -- Install configuration: ""
[12.133s] -- Installing: /home/madnad/practice/mobile_robots_programming/src/assignment_1/install/assignment_1/lib/assignment_1/control_node
[12.139s] -- Set runtime path of "/home/madnad/practice/mobile_robots_programming/src/assignment_1/install/assignment_1/lib/assignment_1/control_node" to ""
[12.140s] -- Up-to-date: /home/madnad/practice/mobile_robots_programming/src/assignment_1/install/assignment_1/share/ament_index/resource_index/package_run_dependencies/assignment_1
[12.141s] -- Up-to-date: /home/madnad/practice/mobile_robots_programming/src/assignment_1/install/assignment_1/share/ament_index/resource_index/parent_prefix_path/assignment_1
[12.141s] -- Up-to-date: /home/madnad/practice/mobile_robots_programming/src/assignment_1/install/assignment_1/share/assignment_1/environment/ament_prefix_path.sh
[12.142s] -- Up-to-date: /home/madnad/practice/mobile_robots_programming/src/assignment_1/install/assignment_1/share/assignment_1/environment/ament_prefix_path.dsv
[12.142s] -- Up-to-date: /home/madnad/practice/mobile_robots_programming/src/assignment_1/install/assignment_1/share/assignment_1/environment/path.sh
[12.142s] -- Up-to-date: /home/madnad/practice/mobile_robots_programming/src/assignment_1/install/assignment_1/share/assignment_1/environment/path.dsv
[12.142s] -- Up-to-date: /home/madnad/practice/mobile_robots_programming/src/assignment_1/install/assignment_1/share/assignment_1/local_setup.bash
[12.143s] -- Up-to-date: /home/madnad/practice/mobile_robots_programming/src/assignment_1/install/assignment_1/share/assignment_1/local_setup.sh
[12.143s] -- Up-to-date: /home/madnad/practice/mobile_robots_programming/src/assignment_1/install/assignment_1/share/assignment_1/local_setup.zsh
[12.143s] -- Up-to-date: /home/madnad/practice/mobile_robots_programming/src/assignment_1/install/assignment_1/share/assignment_1/local_setup.dsv
[12.144s] -- Installing: /home/madnad/practice/mobile_robots_programming/src/assignment_1/install/assignment_1/share/assignment_1/package.dsv
[12.144s] -- Up-to-date: /home/madnad/practice/mobile_robots_programming/src/assignment_1/install/assignment_1/share/ament_index/resource_index/packages/assignment_1
[12.145s] -- Up-to-date: /home/madnad/practice/mobile_robots_programming/src/assignment_1/install/assignment_1/share/assignment_1/cmake/assignment_1Config.cmake
[12.147s] -- Up-to-date: /home/madnad/practice/mobile_robots_programming/src/assignment_1/install/assignment_1/share/assignment_1/cmake/assignment_1Config-version.cmake
[12.148s] -- Up-to-date: /home/madnad/practice/mobile_robots_programming/src/assignment_1/install/assignment_1/share/assignment_1/package.xml
[12.148s] Invoked command in '/home/madnad/practice/mobile_robots_programming/src/assignment_1/build/assignment_1' returned '0': CMAKE_PREFIX_PATH=/opt/ros/humble /usr/bin/cmake --install /home/madnad/practice/mobile_robots_programming/src/assignment_1/build/assignment_1
