[0.043s] Invoking command in '/home/madnad/practice/mobile_robots_programming/src/assignment_1/build/assignment_1': CMAKE_PREFIX_PATH=${CMAKE_PREFIX_PATH}:/opt/ros/humble /usr/bin/cmake --build /home/madnad/practice/mobile_robots_programming/src/assignment_1/build/assignment_1 -- -j16 -l16
[0.075s] [ 33%] [32mBuilding CXX object CMakeFiles/control_node.dir/src/control_node_main.cpp.o[0m
[1.997s] [ 66%] [32m[1mLinking CXX executable control_node[0m
[2.143s] [100%] Built target control_node
[2.149s] Invoked command in '/home/madnad/practice/mobile_robots_programming/src/assignment_1/build/assignment_1' returned '0': CMAKE_PREFIX_PATH=${CMAKE_PREFIX_PATH}:/opt/ros/humble /usr/bin/cmake --build /home/madnad/practice/mobile_robots_programming/src/assignment_1/build/assignment_1 -- -j16 -l16
[2.165s] Invoking command in '/home/madnad/practice/mobile_robots_programming/src/assignment_1/build/assignment_1': CMAKE_PREFIX_PATH=${CMAKE_PREFIX_PATH}:/opt/ros/humble /usr/bin/cmake --install /home/madnad/practice/mobile_robots_programming/src/assignment_1/build/assignment_1
[2.167s] -- Install configuration: ""
[2.167s] -- Installing: /home/madnad/practice/mobile_robots_programming/src/assignment_1/install/assignment_1/lib/assignment_1/control_node
[2.169s] -- Set runtime path of "/home/madnad/practice/mobile_robots_programming/src/assignment_1/install/assignment_1/lib/assignment_1/control_node" to ""
[2.169s] -- Up-to-date: /home/madnad/practice/mobile_robots_programming/src/assignment_1/install/assignment_1/share/ament_index/resource_index/package_run_dependencies/assignment_1
[2.169s] -- Up-to-date: /home/madnad/practice/mobile_robots_programming/src/assignment_1/install/assignment_1/share/ament_index/resource_index/parent_prefix_path/assignment_1
[2.169s] -- Up-to-date: /home/madnad/practice/mobile_robots_programming/src/assignment_1/install/assignment_1/share/assignment_1/environment/ament_prefix_path.sh
[2.169s] -- Up-to-date: /home/madnad/practice/mobile_robots_programming/src/assignment_1/install/assignment_1/share/assignment_1/environment/ament_prefix_path.dsv
[2.169s] -- Up-to-date: /home/madnad/practice/mobile_robots_programming/src/assignment_1/install/assignment_1/share/assignment_1/environment/path.sh
[2.169s] -- Up-to-date: /home/madnad/practice/mobile_robots_programming/src/assignment_1/install/assignment_1/share/assignment_1/environment/path.dsv
[2.169s] -- Up-to-date: /home/madnad/practice/mobile_robots_programming/src/assignment_1/install/assignment_1/share/assignment_1/local_setup.bash
[2.169s] -- Up-to-date: /home/madnad/practice/mobile_robots_programming/src/assignment_1/install/assignment_1/share/assignment_1/local_setup.sh
[2.169s] -- Up-to-date: /home/madnad/practice/mobile_robots_programming/src/assignment_1/install/assignment_1/share/assignment_1/local_setup.zsh
[2.170s] -- Up-to-date: /home/madnad/practice/mobile_robots_programming/src/assignment_1/install/assignment_1/share/assignment_1/local_setup.dsv
[2.170s] -- Installing: /home/madnad/practice/mobile_robots_programming/src/assignment_1/install/assignment_1/share/assignment_1/package.dsv
[2.170s] -- Up-to-date: /home/madnad/practice/mobile_robots_programming/src/assignment_1/install/assignment_1/share/ament_index/resource_index/packages/assignment_1
[2.170s] -- Up-to-date: /home/madnad/practice/mobile_robots_programming/src/assignment_1/install/assignment_1/share/assignment_1/cmake/assignment_1Config.cmake
[2.170s] -- Up-to-date: /home/madnad/practice/mobile_robots_programming/src/assignment_1/install/assignment_1/share/assignment_1/cmake/assignment_1Config-version.cmake
[2.170s] -- Up-to-date: /home/madnad/practice/mobile_robots_programming/src/assignment_1/install/assignment_1/share/assignment_1/package.xml
[2.171s] Invoked command in '/home/madnad/practice/mobile_robots_programming/src/assignment_1/build/assignment_1' returned '0': CMAKE_PREFIX_PATH=${CMAKE_PREFIX_PATH}:/opt/ros/humble /usr/bin/cmake --install /home/madnad/practice/mobile_robots_programming/src/assignment_1/build/assignment_1
