[0.939s] DEBUG:colcon:Command line arguments: ['/usr/bin/colcon', 'build']
[0.940s] DEBUG:colcon:Parsed command line arguments: Namespace(log_base=None, log_level=None, verb_name='build', build_base='build', install_base='install', merge_install=False, symlink_install=False, test_result_base=None, continue_on_error=False, executor='parallel', parallel_workers=16, event_handlers=None, ignore_user_meta=False, metas=['./colcon.meta'], base_paths=['.'], packages_ignore=None, packages_ignore_regex=None, paths=None, packages_up_to=None, packages_up_to_regex=None, packages_above=None, packages_above_and_dependencies=None, packages_above_depth=None, packages_select_by_dep=None, packages_skip_by_dep=None, packages_skip_up_to=None, packages_select_build_failed=False, packages_skip_build_finished=False, packages_select_test_failures=False, packages_skip_test_passed=False, packages_select=None, packages_skip=None, packages_select_regex=None, packages_skip_regex=None, packages_start=None, packages_end=None, allow_overriding=[], cmake_args=None, cmake_target=None, cmake_target_skip_unavailable=False, cmake_clean_cache=False, cmake_clean_first=False, cmake_force_configure=False, ament_cmake_args=None, catkin_cmake_args=None, catkin_skip_building_tests=False, verb_parser=<colcon_defaults.argument_parser.defaults.DefaultArgumentsDecorator object at 0x7f34f9cb1750>, verb_extension=<colcon_core.verb.build.BuildVerb object at 0x7f34f9cb2ad0>, main=<bound method BuildVerb.main of <colcon_core.verb.build.BuildVerb object at 0x7f34f9cb2ad0>>)
[1.015s] Level 1:colcon.colcon_core.package_discovery:discover_packages(colcon_meta) check parameters
[1.015s] Level 1:colcon.colcon_core.package_discovery:discover_packages(recursive) check parameters
[1.015s] Level 1:colcon.colcon_core.package_discovery:discover_packages(ignore) check parameters
[1.015s] Level 1:colcon.colcon_core.package_discovery:discover_packages(path) check parameters
[1.015s] Level 1:colcon.colcon_core.package_discovery:discover_packages(colcon_meta) discover
[1.015s] Level 1:colcon.colcon_core.package_discovery:discover_packages(recursive) discover
[1.015s] INFO:colcon.colcon_core.package_discovery:Crawling recursively for packages in '/home/madnad/practice/mobile_robots_programming/src/assignment_1'
[1.015s] Level 1:colcon.colcon_core.package_identification:_identify(.) by extensions ['ignore', 'ignore_ament_install']
[1.016s] Level 1:colcon.colcon_core.package_identification:_identify(.) by extension 'ignore'
[1.016s] Level 1:colcon.colcon_core.package_identification:_identify(.) by extension 'ignore_ament_install'
[1.016s] Level 1:colcon.colcon_core.package_identification:_identify(.) by extensions ['colcon_pkg']
[1.016s] Level 1:colcon.colcon_core.package_identification:_identify(.) by extension 'colcon_pkg'
[1.016s] Level 1:colcon.colcon_core.package_identification:_identify(.) by extensions ['colcon_meta']
[1.016s] Level 1:colcon.colcon_core.package_identification:_identify(.) by extension 'colcon_meta'
[1.016s] Level 1:colcon.colcon_core.package_identification:_identify(.) by extensions ['ros']
[1.016s] Level 1:colcon.colcon_core.package_identification:_identify(.) by extension 'ros'
[1.040s] DEBUG:colcon.colcon_core.package_identification:Package '.' with type 'ros.ament_cmake' and name 'assignment_1'
[1.040s] Level 1:colcon.colcon_core.package_discovery:discover_packages(recursive) using defaults
[1.040s] Level 1:colcon.colcon_core.package_discovery:discover_packages(ignore) discover
[1.040s] Level 1:colcon.colcon_core.package_discovery:discover_packages(ignore) using defaults
[1.041s] Level 1:colcon.colcon_core.package_discovery:discover_packages(path) discover
[1.041s] Level 1:colcon.colcon_core.package_discovery:discover_packages(path) using defaults
[1.184s] Level 1:colcon.colcon_core.package_discovery:discover_packages(prefix_path) check parameters
[1.184s] Level 1:colcon.colcon_core.package_discovery:discover_packages(prefix_path) discover
[1.235s] DEBUG:colcon.colcon_installed_package_information.package_discovery:Found 1 installed packages in /home/madnad/practice/mobile_robots_programming/src/assignment_1/install
[1.261s] DEBUG:colcon.colcon_installed_package_information.package_discovery:Found 353 installed packages in /opt/ros/humble
[1.264s] Level 1:colcon.colcon_core.package_discovery:discover_packages(prefix_path) using defaults
[1.621s] Level 5:colcon.colcon_core.verb:set package 'assignment_1' build argument 'cmake_args' from command line to 'None'
[1.621s] Level 5:colcon.colcon_core.verb:set package 'assignment_1' build argument 'cmake_target' from command line to 'None'
[1.622s] Level 5:colcon.colcon_core.verb:set package 'assignment_1' build argument 'cmake_target_skip_unavailable' from command line to 'False'
[1.622s] Level 5:colcon.colcon_core.verb:set package 'assignment_1' build argument 'cmake_clean_cache' from command line to 'False'
[1.622s] Level 5:colcon.colcon_core.verb:set package 'assignment_1' build argument 'cmake_clean_first' from command line to 'False'
[1.622s] Level 5:colcon.colcon_core.verb:set package 'assignment_1' build argument 'cmake_force_configure' from command line to 'False'
[1.622s] Level 5:colcon.colcon_core.verb:set package 'assignment_1' build argument 'ament_cmake_args' from command line to 'None'
[1.622s] Level 5:colcon.colcon_core.verb:set package 'assignment_1' build argument 'catkin_cmake_args' from command line to 'None'
[1.622s] Level 5:colcon.colcon_core.verb:set package 'assignment_1' build argument 'catkin_skip_building_tests' from command line to 'False'
[1.622s] DEBUG:colcon.colcon_core.verb:Building package 'assignment_1' with the following arguments: {'ament_cmake_args': None, 'build_base': '/home/madnad/practice/mobile_robots_programming/src/assignment_1/build/assignment_1', 'catkin_cmake_args': None, 'catkin_skip_building_tests': False, 'cmake_args': None, 'cmake_clean_cache': False, 'cmake_clean_first': False, 'cmake_force_configure': False, 'cmake_target': None, 'cmake_target_skip_unavailable': False, 'install_base': '/home/madnad/practice/mobile_robots_programming/src/assignment_1/install/assignment_1', 'merge_install': False, 'path': '/home/madnad/practice/mobile_robots_programming/src/assignment_1', 'symlink_install': False, 'test_result_base': None}
[1.667s] INFO:colcon.colcon_core.executor:Executing jobs using 'parallel' executor
[1.717s] DEBUG:colcon.colcon_parallel_executor.executor.parallel:run_until_complete
[1.718s] INFO:colcon.colcon_ros.task.ament_cmake.build:Building ROS package in '/home/madnad/practice/mobile_robots_programming/src/assignment_1' with build type 'ament_cmake'
[1.720s] INFO:colcon.colcon_cmake.task.cmake.build:Building CMake package in '/home/madnad/practice/mobile_robots_programming/src/assignment_1'
[1.775s] INFO:colcon.colcon_core.plugin_system:Skipping extension 'colcon_core.shell.bat': Not used on non-Windows systems
[1.776s] INFO:colcon.colcon_core.shell:Skip shell extension 'powershell' for command environment: Not usable outside of PowerShell
[1.776s] DEBUG:colcon.colcon_core.shell:Skip shell extension 'dsv' for command environment
[1.936s] DEBUG:colcon.colcon_core.event_handler.log_command:Invoking command in '/home/madnad/practice/mobile_robots_programming/src/assignment_1/build/assignment_1': CMAKE_PREFIX_PATH=${CMAKE_PREFIX_PATH}:/opt/ros/humble /usr/bin/cmake --build /home/madnad/practice/mobile_robots_programming/src/assignment_1/build/assignment_1 -- -j16 -l16
[16.094s] DEBUG:colcon.colcon_parallel_executor.executor.parallel:run_until_complete was interrupted
[16.095s] DEBUG:colcon.colcon_parallel_executor.executor.parallel:run_until_complete again
[16.183s] DEBUG:colcon.colcon_core.event_handler.log_command:Invoked command in '/home/madnad/practice/mobile_robots_programming/src/assignment_1/build/assignment_1' returned '-2': CMAKE_PREFIX_PATH=${CMAKE_PREFIX_PATH}:/opt/ros/humble /usr/bin/cmake --build /home/madnad/practice/mobile_robots_programming/src/assignment_1/build/assignment_1 -- -j16 -l16
[16.316s] Level 1:colcon.colcon_core.environment:create_environment_scripts_only(assignment_1)
[16.385s] Level 1:colcon.colcon_core.environment:checking '/home/madnad/practice/mobile_robots_programming/src/assignment_1/install/assignment_1' for CMake module files
[16.388s] Level 1:colcon.colcon_core.environment:checking '/home/madnad/practice/mobile_robots_programming/src/assignment_1/install/assignment_1' for CMake config files
[16.390s] Level 1:colcon.colcon_core.shell:create_environment_hook('assignment_1', 'cmake_prefix_path')
[16.460s] INFO:colcon.colcon_core.shell:Creating environment hook '/home/madnad/practice/mobile_robots_programming/src/assignment_1/install/assignment_1/share/assignment_1/hook/cmake_prefix_path.ps1'
[16.463s] INFO:colcon.colcon_core.shell:Creating environment descriptor '/home/madnad/practice/mobile_robots_programming/src/assignment_1/install/assignment_1/share/assignment_1/hook/cmake_prefix_path.dsv'
[16.465s] INFO:colcon.colcon_core.shell:Creating environment hook '/home/madnad/practice/mobile_robots_programming/src/assignment_1/install/assignment_1/share/assignment_1/hook/cmake_prefix_path.sh'
[16.470s] Level 1:colcon.colcon_core.environment:checking '/home/madnad/practice/mobile_robots_programming/src/assignment_1/install/assignment_1/lib'
[16.471s] Level 1:colcon.colcon_core.environment:checking '/home/madnad/practice/mobile_robots_programming/src/assignment_1/install/assignment_1/bin'
[16.471s] Level 1:colcon.colcon_core.environment:checking '/home/madnad/practice/mobile_robots_programming/src/assignment_1/install/assignment_1/lib/pkgconfig/assignment_1.pc'
[16.472s] Level 1:colcon.colcon_core.environment:checking '/home/madnad/practice/mobile_robots_programming/src/assignment_1/install/assignment_1/lib/python3.10/site-packages'
[16.473s] Level 1:colcon.colcon_core.environment:checking '/home/madnad/practice/mobile_robots_programming/src/assignment_1/install/assignment_1/bin'
[16.553s] INFO:colcon.colcon_core.shell:Creating package script '/home/madnad/practice/mobile_robots_programming/src/assignment_1/install/assignment_1/share/assignment_1/package.ps1'
[16.558s] INFO:colcon.colcon_core.shell:Creating package descriptor '/home/madnad/practice/mobile_robots_programming/src/assignment_1/install/assignment_1/share/assignment_1/package.dsv'
[16.560s] INFO:colcon.colcon_core.shell:Creating package script '/home/madnad/practice/mobile_robots_programming/src/assignment_1/install/assignment_1/share/assignment_1/package.sh'
[16.563s] INFO:colcon.colcon_core.shell:Creating package script '/home/madnad/practice/mobile_robots_programming/src/assignment_1/install/assignment_1/share/assignment_1/package.bash'
[16.565s] INFO:colcon.colcon_core.shell:Creating package script '/home/madnad/practice/mobile_robots_programming/src/assignment_1/install/assignment_1/share/assignment_1/package.zsh'
[16.567s] Level 1:colcon.colcon_core.environment:create_file_with_runtime_dependencies(/home/madnad/practice/mobile_robots_programming/src/assignment_1/install/assignment_1/share/colcon-core/packages/assignment_1)
[16.578s] DEBUG:colcon.colcon_parallel_executor.executor.parallel:run_until_complete finished
[16.579s] DEBUG:colcon.colcon_parallel_executor.executor.parallel:closing loop
[16.579s] DEBUG:colcon.colcon_parallel_executor.executor.parallel:loop closed
[16.579s] DEBUG:colcon.colcon_core.event_reactor:joining thread
[16.658s] INFO:colcon.colcon_core.plugin_system:Skipping extension 'colcon_notification.desktop_notification.terminal_notifier': Not used on non-Darwin systems
[16.658s] INFO:colcon.colcon_core.plugin_system:Skipping extension 'colcon_notification.desktop_notification.win32': Not used on non-Windows systems
[16.658s] INFO:colcon.colcon_notification.desktop_notification:Sending desktop notification using 'notify2'
[16.713s] DEBUG:colcon.colcon_core.event_reactor:joined thread
[16.781s] INFO:colcon.colcon_core.shell:Creating prefix script '/home/madnad/practice/mobile_robots_programming/src/assignment_1/install/local_setup.ps1'
[16.787s] INFO:colcon.colcon_core.shell:Creating prefix util module '/home/madnad/practice/mobile_robots_programming/src/assignment_1/install/_local_setup_util_ps1.py'
[16.792s] INFO:colcon.colcon_core.shell:Creating prefix chain script '/home/madnad/practice/mobile_robots_programming/src/assignment_1/install/setup.ps1'
[16.856s] INFO:colcon.colcon_core.shell:Creating prefix script '/home/madnad/practice/mobile_robots_programming/src/assignment_1/install/local_setup.sh'
[16.858s] INFO:colcon.colcon_core.shell:Creating prefix util module '/home/madnad/practice/mobile_robots_programming/src/assignment_1/install/_local_setup_util_sh.py'
[16.860s] INFO:colcon.colcon_core.shell:Creating prefix chain script '/home/madnad/practice/mobile_robots_programming/src/assignment_1/install/setup.sh'
[16.912s] INFO:colcon.colcon_core.shell:Creating prefix script '/home/madnad/practice/mobile_robots_programming/src/assignment_1/install/local_setup.bash'
[16.915s] INFO:colcon.colcon_core.shell:Creating prefix chain script '/home/madnad/practice/mobile_robots_programming/src/assignment_1/install/setup.bash'
[16.972s] INFO:colcon.colcon_core.shell:Creating prefix script '/home/madnad/practice/mobile_robots_programming/src/assignment_1/install/local_setup.zsh'
[16.974s] INFO:colcon.colcon_core.shell:Creating prefix chain script '/home/madnad/practice/mobile_robots_programming/src/assignment_1/install/setup.zsh'
