[2.392s] DEBUG:colcon:Command line arguments: ['/usr/bin/colcon', 'build']
[2.393s] DEBUG:colcon:Parsed command line arguments: Namespace(log_base=None, log_level=None, verb_name='build', build_base='build', install_base='install', merge_install=False, symlink_install=False, test_result_base=None, continue_on_error=False, executor='parallel', parallel_workers=16, event_handlers=None, ignore_user_meta=False, metas=['./colcon.meta'], base_paths=['.'], packages_ignore=None, packages_ignore_regex=None, paths=None, packages_up_to=None, packages_up_to_regex=None, packages_above=None, packages_above_and_dependencies=None, packages_above_depth=None, packages_select_by_dep=None, packages_skip_by_dep=None, packages_skip_up_to=None, packages_select_build_failed=False, packages_skip_build_finished=False, packages_select_test_failures=False, packages_skip_test_passed=False, packages_select=None, packages_skip=None, packages_select_regex=None, packages_skip_regex=None, packages_start=None, packages_end=None, allow_overriding=[], cmake_args=None, cmake_target=None, cmake_target_skip_unavailable=False, cmake_clean_cache=False, cmake_clean_first=False, cmake_force_configure=False, ament_cmake_args=None, catkin_cmake_args=None, catkin_skip_building_tests=False, verb_parser=<colcon_defaults.argument_parser.defaults.DefaultArgumentsDecorator object at 0x7ff84d971720>, verb_extension=<colcon_core.verb.build.BuildVerb object at 0x7ff84d972ad0>, main=<bound method BuildVerb.main of <colcon_core.verb.build.BuildVerb object at 0x7ff84d972ad0>>)
[2.508s] Level 1:colcon.colcon_core.package_discovery:discover_packages(colcon_meta) check parameters
[2.509s] Level 1:colcon.colcon_core.package_discovery:discover_packages(recursive) check parameters
[2.509s] Level 1:colcon.colcon_core.package_discovery:discover_packages(ignore) check parameters
[2.509s] Level 1:colcon.colcon_core.package_discovery:discover_packages(path) check parameters
[2.509s] Level 1:colcon.colcon_core.package_discovery:discover_packages(colcon_meta) discover
[2.509s] Level 1:colcon.colcon_core.package_discovery:discover_packages(recursive) discover
[2.509s] INFO:colcon.colcon_core.package_discovery:Crawling recursively for packages in '/home/madnad/practice/mobile_robots_programming/src/assignment_1'
[2.509s] Level 1:colcon.colcon_core.package_identification:_identify(.) by extensions ['ignore', 'ignore_ament_install']
[2.510s] Level 1:colcon.colcon_core.package_identification:_identify(.) by extension 'ignore'
[2.510s] Level 1:colcon.colcon_core.package_identification:_identify(.) by extension 'ignore_ament_install'
[2.510s] Level 1:colcon.colcon_core.package_identification:_identify(.) by extensions ['colcon_pkg']
[2.510s] Level 1:colcon.colcon_core.package_identification:_identify(.) by extension 'colcon_pkg'
[2.510s] Level 1:colcon.colcon_core.package_identification:_identify(.) by extensions ['colcon_meta']
[2.510s] Level 1:colcon.colcon_core.package_identification:_identify(.) by extension 'colcon_meta'
[2.510s] Level 1:colcon.colcon_core.package_identification:_identify(.) by extensions ['ros']
[2.510s] Level 1:colcon.colcon_core.package_identification:_identify(.) by extension 'ros'
[2.548s] DEBUG:colcon.colcon_core.package_identification:Package '.' with type 'ros.ament_cmake' and name 'assignment_1'
[2.548s] Level 1:colcon.colcon_core.package_discovery:discover_packages(recursive) using defaults
[2.549s] Level 1:colcon.colcon_core.package_discovery:discover_packages(ignore) discover
[2.549s] Level 1:colcon.colcon_core.package_discovery:discover_packages(ignore) using defaults
[2.549s] Level 1:colcon.colcon_core.package_discovery:discover_packages(path) discover
[2.549s] Level 1:colcon.colcon_core.package_discovery:discover_packages(path) using defaults
[2.787s] Level 1:colcon.colcon_core.package_discovery:discover_packages(prefix_path) check parameters
[2.788s] Level 1:colcon.colcon_core.package_discovery:discover_packages(prefix_path) discover
[2.901s] DEBUG:colcon.colcon_installed_package_information.package_discovery:Found 1 installed packages in /home/madnad/practice/mobile_robots_programming/src/assignment_1/install
[2.959s] DEBUG:colcon.colcon_installed_package_information.package_discovery:Found 353 installed packages in /opt/ros/humble
[2.963s] Level 1:colcon.colcon_core.package_discovery:discover_packages(prefix_path) using defaults
[3.272s] Level 5:colcon.colcon_core.verb:set package 'assignment_1' build argument 'cmake_args' from command line to 'None'
[3.272s] Level 5:colcon.colcon_core.verb:set package 'assignment_1' build argument 'cmake_target' from command line to 'None'
[3.272s] Level 5:colcon.colcon_core.verb:set package 'assignment_1' build argument 'cmake_target_skip_unavailable' from command line to 'False'
[3.272s] Level 5:colcon.colcon_core.verb:set package 'assignment_1' build argument 'cmake_clean_cache' from command line to 'False'
[3.272s] Level 5:colcon.colcon_core.verb:set package 'assignment_1' build argument 'cmake_clean_first' from command line to 'False'
[3.272s] Level 5:colcon.colcon_core.verb:set package 'assignment_1' build argument 'cmake_force_configure' from command line to 'False'
[3.272s] Level 5:colcon.colcon_core.verb:set package 'assignment_1' build argument 'ament_cmake_args' from command line to 'None'
[3.272s] Level 5:colcon.colcon_core.verb:set package 'assignment_1' build argument 'catkin_cmake_args' from command line to 'None'
[3.272s] Level 5:colcon.colcon_core.verb:set package 'assignment_1' build argument 'catkin_skip_building_tests' from command line to 'False'
[3.272s] DEBUG:colcon.colcon_core.verb:Building package 'assignment_1' with the following arguments: {'ament_cmake_args': None, 'build_base': '/home/madnad/practice/mobile_robots_programming/src/assignment_1/build/assignment_1', 'catkin_cmake_args': None, 'catkin_skip_building_tests': False, 'cmake_args': None, 'cmake_clean_cache': False, 'cmake_clean_first': False, 'cmake_force_configure': False, 'cmake_target': None, 'cmake_target_skip_unavailable': False, 'install_base': '/home/madnad/practice/mobile_robots_programming/src/assignment_1/install/assignment_1', 'merge_install': False, 'path': '/home/madnad/practice/mobile_robots_programming/src/assignment_1', 'symlink_install': False, 'test_result_base': None}
[3.310s] INFO:colcon.colcon_core.executor:Executing jobs using 'parallel' executor
[3.349s] DEBUG:colcon.colcon_parallel_executor.executor.parallel:run_until_complete
[3.349s] INFO:colcon.colcon_ros.task.ament_cmake.build:Building ROS package in '/home/madnad/practice/mobile_robots_programming/src/assignment_1' with build type 'ament_cmake'
[3.350s] INFO:colcon.colcon_cmake.task.cmake.build:Building CMake package in '/home/madnad/practice/mobile_robots_programming/src/assignment_1'
[3.403s] INFO:colcon.colcon_core.plugin_system:Skipping extension 'colcon_core.shell.bat': Not used on non-Windows systems
[3.404s] INFO:colcon.colcon_core.shell:Skip shell extension 'powershell' for command environment: Not usable outside of PowerShell
[3.404s] DEBUG:colcon.colcon_core.shell:Skip shell extension 'dsv' for command environment
[3.551s] DEBUG:colcon.colcon_core.event_handler.log_command:Invoking command in '/home/madnad/practice/mobile_robots_programming/src/assignment_1/build/assignment_1': CMAKE_PREFIX_PATH=${CMAKE_PREFIX_PATH}:/opt/ros/humble /usr/bin/cmake --build /home/madnad/practice/mobile_robots_programming/src/assignment_1/build/assignment_1 -- -j16 -l16
[18.312s] DEBUG:colcon.colcon_core.event_handler.log_command:Invoked command in '/home/madnad/practice/mobile_robots_programming/src/assignment_1/build/assignment_1' returned '0': CMAKE_PREFIX_PATH=${CMAKE_PREFIX_PATH}:/opt/ros/humble /usr/bin/cmake --build /home/madnad/practice/mobile_robots_programming/src/assignment_1/build/assignment_1 -- -j16 -l16
[18.401s] DEBUG:colcon.colcon_core.event_handler.log_command:Invoking command in '/home/madnad/practice/mobile_robots_programming/src/assignment_1/build/assignment_1': CMAKE_PREFIX_PATH=${CMAKE_PREFIX_PATH}:/opt/ros/humble /usr/bin/cmake --install /home/madnad/practice/mobile_robots_programming/src/assignment_1/build/assignment_1
[18.437s] Level 1:colcon.colcon_core.environment:create_environment_scripts_only(assignment_1)
[18.441s] DEBUG:colcon.colcon_core.event_handler.log_command:Invoked command in '/home/madnad/practice/mobile_robots_programming/src/assignment_1/build/assignment_1' returned '0': CMAKE_PREFIX_PATH=${CMAKE_PREFIX_PATH}:/opt/ros/humble /usr/bin/cmake --install /home/madnad/practice/mobile_robots_programming/src/assignment_1/build/assignment_1
[18.505s] Level 1:colcon.colcon_core.environment:checking '/home/madnad/practice/mobile_robots_programming/src/assignment_1/install/assignment_1' for CMake module files
[18.508s] Level 1:colcon.colcon_core.environment:checking '/home/madnad/practice/mobile_robots_programming/src/assignment_1/install/assignment_1' for CMake config files
[18.509s] Level 1:colcon.colcon_core.shell:create_environment_hook('assignment_1', 'cmake_prefix_path')
[18.557s] INFO:colcon.colcon_core.shell:Creating environment hook '/home/madnad/practice/mobile_robots_programming/src/assignment_1/install/assignment_1/share/assignment_1/hook/cmake_prefix_path.ps1'
[18.560s] INFO:colcon.colcon_core.shell:Creating environment descriptor '/home/madnad/practice/mobile_robots_programming/src/assignment_1/install/assignment_1/share/assignment_1/hook/cmake_prefix_path.dsv'
[18.562s] INFO:colcon.colcon_core.shell:Creating environment hook '/home/madnad/practice/mobile_robots_programming/src/assignment_1/install/assignment_1/share/assignment_1/hook/cmake_prefix_path.sh'
[18.566s] Level 1:colcon.colcon_core.environment:checking '/home/madnad/practice/mobile_robots_programming/src/assignment_1/install/assignment_1/lib'
[18.566s] Level 1:colcon.colcon_core.environment:checking '/home/madnad/practice/mobile_robots_programming/src/assignment_1/install/assignment_1/bin'
[18.567s] Level 1:colcon.colcon_core.environment:checking '/home/madnad/practice/mobile_robots_programming/src/assignment_1/install/assignment_1/lib/pkgconfig/assignment_1.pc'
[18.568s] Level 1:colcon.colcon_core.environment:checking '/home/madnad/practice/mobile_robots_programming/src/assignment_1/install/assignment_1/lib/python3.10/site-packages'
[18.568s] Level 1:colcon.colcon_core.environment:checking '/home/madnad/practice/mobile_robots_programming/src/assignment_1/install/assignment_1/bin'
[18.634s] INFO:colcon.colcon_core.shell:Creating package script '/home/madnad/practice/mobile_robots_programming/src/assignment_1/install/assignment_1/share/assignment_1/package.ps1'
[18.637s] INFO:colcon.colcon_core.shell:Creating package descriptor '/home/madnad/practice/mobile_robots_programming/src/assignment_1/install/assignment_1/share/assignment_1/package.dsv'
[18.638s] INFO:colcon.colcon_core.shell:Creating package script '/home/madnad/practice/mobile_robots_programming/src/assignment_1/install/assignment_1/share/assignment_1/package.sh'
[18.640s] INFO:colcon.colcon_core.shell:Creating package script '/home/madnad/practice/mobile_robots_programming/src/assignment_1/install/assignment_1/share/assignment_1/package.bash'
[18.642s] INFO:colcon.colcon_core.shell:Creating package script '/home/madnad/practice/mobile_robots_programming/src/assignment_1/install/assignment_1/share/assignment_1/package.zsh'
[18.643s] Level 1:colcon.colcon_core.environment:create_file_with_runtime_dependencies(/home/madnad/practice/mobile_robots_programming/src/assignment_1/install/assignment_1/share/colcon-core/packages/assignment_1)
[18.754s] Level 1:colcon.colcon_core.environment:create_environment_scripts_only(assignment_1)
[18.818s] Level 1:colcon.colcon_core.environment:checking '/home/madnad/practice/mobile_robots_programming/src/assignment_1/install/assignment_1' for CMake module files
[18.820s] Level 1:colcon.colcon_core.environment:checking '/home/madnad/practice/mobile_robots_programming/src/assignment_1/install/assignment_1' for CMake config files
[18.820s] Level 1:colcon.colcon_core.shell:create_environment_hook('assignment_1', 'cmake_prefix_path')
[18.860s] INFO:colcon.colcon_core.shell:Creating environment hook '/home/madnad/practice/mobile_robots_programming/src/assignment_1/install/assignment_1/share/assignment_1/hook/cmake_prefix_path.ps1'
[18.862s] INFO:colcon.colcon_core.shell:Creating environment descriptor '/home/madnad/practice/mobile_robots_programming/src/assignment_1/install/assignment_1/share/assignment_1/hook/cmake_prefix_path.dsv'
[18.862s] INFO:colcon.colcon_core.shell:Creating environment hook '/home/madnad/practice/mobile_robots_programming/src/assignment_1/install/assignment_1/share/assignment_1/hook/cmake_prefix_path.sh'
[18.864s] Level 1:colcon.colcon_core.environment:checking '/home/madnad/practice/mobile_robots_programming/src/assignment_1/install/assignment_1/lib'
[18.864s] Level 1:colcon.colcon_core.environment:checking '/home/madnad/practice/mobile_robots_programming/src/assignment_1/install/assignment_1/bin'
[18.864s] Level 1:colcon.colcon_core.environment:checking '/home/madnad/practice/mobile_robots_programming/src/assignment_1/install/assignment_1/lib/pkgconfig/assignment_1.pc'
[18.865s] Level 1:colcon.colcon_core.environment:checking '/home/madnad/practice/mobile_robots_programming/src/assignment_1/install/assignment_1/lib/python3.10/site-packages'
[18.867s] Level 1:colcon.colcon_core.environment:checking '/home/madnad/practice/mobile_robots_programming/src/assignment_1/install/assignment_1/bin'
[18.912s] INFO:colcon.colcon_core.shell:Creating package script '/home/madnad/practice/mobile_robots_programming/src/assignment_1/install/assignment_1/share/assignment_1/package.ps1'
[18.914s] INFO:colcon.colcon_core.shell:Creating package descriptor '/home/madnad/practice/mobile_robots_programming/src/assignment_1/install/assignment_1/share/assignment_1/package.dsv'
[18.915s] INFO:colcon.colcon_core.shell:Creating package script '/home/madnad/practice/mobile_robots_programming/src/assignment_1/install/assignment_1/share/assignment_1/package.sh'
[18.916s] INFO:colcon.colcon_core.shell:Creating package script '/home/madnad/practice/mobile_robots_programming/src/assignment_1/install/assignment_1/share/assignment_1/package.bash'
[18.917s] INFO:colcon.colcon_core.shell:Creating package script '/home/madnad/practice/mobile_robots_programming/src/assignment_1/install/assignment_1/share/assignment_1/package.zsh'
[18.918s] Level 1:colcon.colcon_core.environment:create_file_with_runtime_dependencies(/home/madnad/practice/mobile_robots_programming/src/assignment_1/install/assignment_1/share/colcon-core/packages/assignment_1)
[18.919s] DEBUG:colcon.colcon_parallel_executor.executor.parallel:closing loop
[18.920s] DEBUG:colcon.colcon_parallel_executor.executor.parallel:loop closed
[18.920s] DEBUG:colcon.colcon_parallel_executor.executor.parallel:run_until_complete finished with '0'
[18.920s] DEBUG:colcon.colcon_core.event_reactor:joining thread
[18.984s] INFO:colcon.colcon_core.plugin_system:Skipping extension 'colcon_notification.desktop_notification.terminal_notifier': Not used on non-Darwin systems
[18.985s] INFO:colcon.colcon_core.plugin_system:Skipping extension 'colcon_notification.desktop_notification.win32': Not used on non-Windows systems
[18.985s] INFO:colcon.colcon_notification.desktop_notification:Sending desktop notification using 'notify2'
[19.029s] DEBUG:colcon.colcon_core.event_reactor:joined thread
[19.070s] INFO:colcon.colcon_core.shell:Creating prefix script '/home/madnad/practice/mobile_robots_programming/src/assignment_1/install/local_setup.ps1'
[19.073s] INFO:colcon.colcon_core.shell:Creating prefix util module '/home/madnad/practice/mobile_robots_programming/src/assignment_1/install/_local_setup_util_ps1.py'
[19.076s] INFO:colcon.colcon_core.shell:Creating prefix chain script '/home/madnad/practice/mobile_robots_programming/src/assignment_1/install/setup.ps1'
[19.114s] INFO:colcon.colcon_core.shell:Creating prefix script '/home/madnad/practice/mobile_robots_programming/src/assignment_1/install/local_setup.sh'
[19.116s] INFO:colcon.colcon_core.shell:Creating prefix util module '/home/madnad/practice/mobile_robots_programming/src/assignment_1/install/_local_setup_util_sh.py'
[19.117s] INFO:colcon.colcon_core.shell:Creating prefix chain script '/home/madnad/practice/mobile_robots_programming/src/assignment_1/install/setup.sh'
[19.160s] INFO:colcon.colcon_core.shell:Creating prefix script '/home/madnad/practice/mobile_robots_programming/src/assignment_1/install/local_setup.bash'
[19.162s] INFO:colcon.colcon_core.shell:Creating prefix chain script '/home/madnad/practice/mobile_robots_programming/src/assignment_1/install/setup.bash'
[19.204s] INFO:colcon.colcon_core.shell:Creating prefix script '/home/madnad/practice/mobile_robots_programming/src/assignment_1/install/local_setup.zsh'
[19.205s] INFO:colcon.colcon_core.shell:Creating prefix chain script '/home/madnad/practice/mobile_robots_programming/src/assignment_1/install/setup.zsh'
